*********************************************************************** 
* Se recupero informacion del archivo config.xml
*********************************************************************** 
* Encuesta enviada 2011/07/25 17:24:14 , al Usuario : 12211 Mail : DANIEL@URTUBEYBOCCALINI.COM.AR
* Encuesta enviada 2011/07/25 17:24:16 , al Usuario : 12530 Mail : ADRIANDELARCOSEGUROS@HOTMAIL.COM
* Encuesta enviada 2011/07/25 17:24:17 , al Usuario : 13331 Mail : NOYANO@COOPVGG.COM.AR
* Encuesta enviada 2011/07/25 17:24:18 , al Usuario : 13871 Mail : HCECHETTI@HOTMAIL.COM
* Encuesta enviada 2011/07/25 17:24:19 , al Usuario : 14273 Mail : BOSSELMARISA@CIUDAD.COM.AR
* Encuesta enviada 2011/07/25 17:24:20 , al Usuario : 14818 Mail : JORGEOPELLEGRINI@ARNET.COM.AR
* Encuesta enviada 2011/07/25 17:24:22 , al Usuario : 15113 Mail : RYMSEGUROS@CIUDAD.COM.AR
* Encuesta enviada 2011/07/25 17:24:23 , al Usuario : 15130 Mail : CRISAL@SUARDI.COM.AR
* Encuesta enviada 2011/07/25 17:24:24 , al Usuario : 15539 Mail : TALLARICO@TALLARICOYASOCIADOS.COM.AR
* Encuesta enviada 2011/07/25 17:24:25 , al Usuario : 16381 Mail : COBRANZAS.MAY@HOTMAIL.COM
* Encuesta enviada 2011/07/25 17:24:26 , al Usuario : 16411 Mail : CMAY@SEGUROSMAY.COM.AR
* Encuesta enviada 2011/07/25 17:24:28 , al Usuario : 16888 Mail : SALCEDOSEGUROS@HOTMAIL.COM
* Encuesta enviada 2011/07/25 17:24:29 , al Usuario : 16977 Mail : WINKLERSEGUROS@HOTMAIL.COM
* Encuesta enviada 2011/07/25 17:24:30 , al Usuario : 19658 Mail : SEGUROS@SCOLLONELIDA.ARNETBIZ.COM.AR
* Encuesta enviada 2011/07/25 17:24:31 , al Usuario : 19879 Mail : SILVIA@VERTAPANIZZA.COM.AR
* Encuesta enviada 2011/07/25 17:24:32 , al Usuario : 19933 Mail : SEGUROSOESTE@ARNET.COM.AR
* Encuesta enviada 2011/07/25 17:24:34 , al Usuario : 20460 Mail : HERNAN@GALLARDOSEGUROS.COM.AR
* Encuesta enviada 2011/07/25 17:24:35 , al Usuario : 2071 Mail : SIADANZA@FIBERTEL.COM.AR
* Encuesta enviada 2011/07/25 17:24:37 , al Usuario : 21709 Mail : PIRAMIDESEGUROS@UOLSINECTIS.COM.AR
* Encuesta enviada 2011/07/25 17:24:38 , al Usuario : 23230 Mail : JCTORINO@ARNETBIZ.COM.AR
* Encuesta enviada 2011/07/25 17:24:39 , al Usuario : 24210 Mail : HCIUFFO@CIUDAD.COM.AR
* Encuesta enviada 2011/07/25 17:24:40 , al Usuario : 24341 Mail : DCOP@ARNET.COM.AR
* Encuesta enviada 2011/07/25 17:24:41 , al Usuario : 24741 Mail : TINOFULLE@HOTMAIL.COM
* Encuesta enviada 2011/07/25 17:24:42 , al Usuario : 2569 Mail : FJMIRABET@HOTMAIL.COM
* Encuesta enviada 2011/07/25 17:24:43 , al Usuario : 25887 Mail : IRMAROD@ARNET.COM.AR
* Encuesta enviada 2011/07/25 17:24:44 , al Usuario : 26450 Mail : EBIANCHISEGUROS@ARNET.COM.AR
* Encuesta enviada 2011/07/25 17:24:46 , al Usuario : 26468 Mail : GESTORIABARTOLINI@HOTMAIL.COM
* Encuesta enviada 2011/07/25 17:24:49 , al Usuario : 26557 Mail : RICARDORUESCH@YAHOO.COM.AR
* Encuesta enviada 2011/07/25 17:24:50 , al Usuario : 26620 Mail : SEGUROSDRAGONE@GMAIL.COM
* Encuesta enviada 2011/07/25 17:24:51 , al Usuario : 26719 Mail : MARCELINODELCARLO@YAHOO.COM.AR
* Encuesta enviada 2011/07/25 17:24:52 , al Usuario : 26751 Mail : ARABALO@SPEEDY.COM.AR
* Encuesta enviada 2011/07/25 17:24:53 , al Usuario : 26778 Mail : LARAESEGUROS@YAHOO.COM.AR
* Encuesta enviada 2011/07/25 17:24:54 , al Usuario : 26808 Mail : ESTUDIONORTE2@HOTMAIL.COM
* Encuesta enviada 2011/07/25 17:24:55 , al Usuario : 26816 Mail : ETEGA@ARNET.COM.AR
* Encuesta enviada 2011/07/25 17:24:57 , al Usuario : 26867 Mail : ORGANIZACIONTRECE@SPEEDY.COM.AR
* Encuesta enviada 2011/07/25 17:24:58 , al Usuario : 27006 Mail : IGNACIO@ANSELMISEGUROS.COM.AR
* Encuesta enviada 2011/07/25 17:24:59 , al Usuario : 27022 Mail : LEONARDOMALLO@RSPSEGURIDAD.COM.AR
* Encuesta enviada 2011/07/25 17:25:00 , al Usuario : 27065 Mail : DEBO_155@HOTMAIL.COM
* Encuesta enviada 2011/07/25 17:25:03 , al Usuario : 27090 Mail : ORSAN22@YAHOO.ES
* Encuesta enviada 2011/07/25 17:25:06 , al Usuario : 27103 Mail : INFO@CAMPALSEGUROS.COM.AR
* Encuesta enviada 2011/07/25 17:25:07 , al Usuario : 27138 Mail : ASEGURADORES@FIBERTEL.COM.AR
* Encuesta enviada 2011/07/25 17:25:08 , al Usuario : 27162 Mail : SILVIAMENKE@YAHOO.COM.AR
* Encuesta enviada 2011/07/25 17:25:09 , al Usuario : 27227 Mail : ORGANIZACIONTORRES@YAHOO.COM.AR
* Encuesta enviada 2011/07/25 17:25:10 , al Usuario : 27235 Mail : ROBERTOVIDAL@ARNET.COM.AR
* Encuesta enviada 2011/07/25 17:25:12 , al Usuario : 27383 Mail : MECASEGUROS@ORG-MELOCALVO.COM.AR
* Encuesta enviada 2011/07/25 17:25:13 , al Usuario : 27448 Mail : SAMPEDROSEGUROS@SPEEDY.COM.AR
* Encuesta enviada 2011/07/25 17:25:27 , al Usuario : 27464 Mail : JUANPABLOAGA@CONSULTINGRISK.COM.AR
* Encuesta enviada 2011/07/25 17:25:28 , al Usuario : 27472 Mail : SEGUROSVEGA@HOTMAIL.COM
* Encuesta enviada 2011/07/25 17:25:29 , al Usuario : 27502 Mail : NORMAWEICHHART@ARNET.COM.AR
* Encuesta enviada 2011/07/25 17:25:30 , al Usuario : 27545 Mail : SEGUROSPINOLA@SPEEDY.COM.AR
* Encuesta enviada 2011/07/25 17:25:31 , al Usuario : 27561 Mail : SEGUROSHYM@FIBERTEL.COM.AR
* Encuesta enviada 2011/07/25 17:25:32 , al Usuario : 27570 Mail : FERNANDEZLETZ@GMAIL.COM
* Encuesta enviada 2011/07/25 17:25:34 , al Usuario : 27596 Mail : HMOLFINO@NETIZEN.COM.AR
* Encuesta enviada 2011/07/25 17:25:35 , al Usuario : 27634 Mail : RUZZENESEGUROS@SPEEDY.COM.AR
* Encuesta enviada 2011/07/25 17:25:38 , al Usuario : 27715 Mail : ASESORESDESEGUROS@LMASTRANGELO.COM.AR
* Encuesta enviada 2011/07/25 17:25:39 , al Usuario : 27740 Mail : VEASEGUROS@HOTMAIL.COM
* Encuesta enviada 2011/07/25 17:25:40 , al Usuario : 27766 Mail : SEGUROS@LFSEGUROS.COM.AR
* Encuesta enviada 2011/07/25 17:25:41 , al Usuario : 27782 Mail : LIBERTYDOL@SPEEDY.COM.AR
* Encuesta enviada 2011/07/25 17:25:45 , al Usuario : 27791 Mail : SEGUROS@OSCARTRACOGNA.COM.AR
* Encuesta enviada 2011/07/25 17:25:47 , al Usuario : 27821 Mail : ESTEBAN_NICOLASM@HOTMAIL.COM
* Encuesta enviada 2011/07/25 17:25:48 , al Usuario : 27847 Mail : BUBITA@CIUDAD.COM.AR
* Encuesta enviada 2011/07/25 17:25:49 , al Usuario : 27855 Mail : CONDESEGUROS@SPEEDY.COM.AR
* Encuesta enviada 2011/07/25 17:25:51 , al Usuario : 27880 Mail : MALAMUDSEGUROS@DATAFULL.COM
* Encuesta enviada 2011/07/25 17:25:52 , al Usuario : 28011 Mail : VYV.SEGUROS@SPEEDY.COM.AR
* Encuesta enviada 2011/07/25 17:25:53 , al Usuario : 28029 Mail : S_DEPASQUALE@HOTMAIL.COM
* Encuesta enviada 2011/07/25 17:25:54 , al Usuario : 28096 Mail : SANCHEZ_PAGANINI@CIUDAD.COM.AR
* Encuesta enviada 2011/07/25 17:25:56 , al Usuario : 28151 Mail : JULIAFERRARI@FIBERTEL.COM.AR
* Encuesta enviada 2011/07/25 17:25:57 , al Usuario : 28282 Mail : ORGERENU@ARNET.COM.AR
* Encuesta enviada 2011/07/25 17:25:58 , al Usuario : 28291 Mail : ERNESTODELASNAVAS@ARNETBIZ.COM.AR
* Encuesta enviada 2011/07/25 17:25:59 , al Usuario : 28479 Mail : COBRANZASGONCALVES@HOTMAIL.COM
* Encuesta enviada 2011/07/25 17:26:00 , al Usuario : 28568 Mail : EDGARFIGUERES@ARNET.COM.AR
* Encuesta enviada 2011/07/25 17:26:01 , al Usuario : 28576 Mail : FRIASSEGUROS@CIUDAD.COM.AR
* Encuesta enviada 2011/07/25 17:26:03 , al Usuario : 28584 Mail : ALBERTO@GRUPOCUENCASRL.COM.AR
* Encuesta enviada 2011/07/25 17:26:04 , al Usuario : 28657 Mail : NORBERTOMILANO@YAHOO.COM.AR
* Encuesta enviada 2011/07/25 17:26:05 , al Usuario : 28681 Mail : IDAFURLANITTO@DAT1.NET.AR
* Encuesta enviada 2011/07/25 17:26:06 , al Usuario : 28690 Mail : RENTERIASEGUROS@ARNET.COM.AR
* Encuesta enviada 2011/07/25 17:26:07 , al Usuario : 28711 Mail : MARCELOGESSAGA@KNETT.COM.AR
* Encuesta enviada 2011/07/25 17:26:08 , al Usuario : 28720 Mail : PFEGLIA@ARNET.COM.AR
* Encuesta enviada 2011/07/25 17:26:10 , al Usuario : 28762 Mail : CASTELLANODM@HOTMAIL.COM
* Encuesta enviada 2011/07/25 17:26:11 , al Usuario : 28819 Mail : JCIANA@JCCSEGUROS.COM.AR
* Encuesta enviada 2011/07/25 17:26:13 , al Usuario : 28835 Mail : DOMINGUEZSEGUROS@SPEEDY.COM.AR
* Encuesta enviada 2011/07/25 17:26:14 , al Usuario : 28860 Mail : GESSAGA@KNETT.COM.AR
(*2) Error En el Envio Mail. Usuario : 28878 , mail : ROCIO@GARROTEYASOCIADOS.COM.AR, mensaje:  Invalid Addresses;
  nested exception is:
	class com.sun.mail.smtp.SMTPAddressFailedException: 451 DNS temporary failure (#4.5.1 - chkuser)

* Encuesta enviada 2011/07/25 17:26:46 , al Usuario : 28924 Mail : VICTOR_FRONTERA@HOTMAIL.COM
* Encuesta enviada 2011/07/25 17:26:47 , al Usuario : 28983 Mail : ORGPOLESCHI@HOTMAIL.COM
* Encuesta enviada 2011/07/25 17:26:48 , al Usuario : 28991 Mail : ROSANA@TRUEBASEGUROS.COM.AR
* Encuesta enviada 2011/07/25 17:26:49 , al Usuario : 29009 Mail : SALVATTOSEGUROS@YAHOO.COM.AR
* Encuesta enviada 2011/07/25 17:26:50 , al Usuario : 29092 Mail : MBIONDI@ARNETBIZ.COM.AR
* Encuesta enviada 2011/07/25 17:26:53 , al Usuario : 29131 Mail : MIGUEL_PACIULLO@FULLRISK.COM.AR
* Encuesta enviada 2011/07/25 17:26:57 , al Usuario : 29165 Mail : GARCIACARLOS_AR@YAHOO.COM
* Encuesta enviada 2011/07/25 17:26:58 , al Usuario : 29211 Mail : CGMIGUEL@POWERVT.COM.AR
* Encuesta enviada 2011/07/25 17:26:59 , al Usuario : 29262 Mail : JGRASSO@HOTMAIL.COM
* Encuesta enviada 2011/07/25 17:27:01 , al Usuario : 29319 Mail : EVAG@FIBERTEL.COM.AR
* Encuesta enviada 2011/07/25 17:27:02 , al Usuario : 29327 Mail : KAROLINA_DA@HOTMAIL.COM
* Encuesta enviada 2011/07/25 17:27:03 , al Usuario : 29335 Mail : OCTAVIO@COOP-HER.COM.AR
* Encuesta enviada 2011/07/25 17:27:05 , al Usuario : 29343 Mail : NLUNA@TOSTADO.COM.AR
* Encuesta enviada 2011/07/25 17:27:06 , al Usuario : 29378 Mail : ORGPENNA@GIGARED.COM
* Encuesta enviada 2011/07/25 17:27:07 , al Usuario : 29386 Mail : PEDEMONTESEGUROS@HOTMAIL.COM
* Encuesta enviada 2011/07/25 17:27:08 , al Usuario : 29424 Mail : NELLYGERBAUDO@FUTURNET.COM.AR
* Encuesta enviada 2011/07/25 17:27:10 , al Usuario : 29637 Mail : LUCIOPRADO@RIOTEL.COM.AR
* Encuesta enviada 2011/07/25 17:27:11 , al Usuario : 29653 Mail : AGROSALTASEG@YAHOO.COM.AR
* Encuesta enviada 2011/07/25 17:27:12 , al Usuario : 29661 Mail : MANZINIFERNANDO@SPEEDY.COM.AR
* Encuesta enviada 2011/07/25 17:27:14 , al Usuario : 29670 Mail : ORGGIRALDI@NEXOJOVITA.COM.AR
* Encuesta enviada 2011/07/25 17:27:15 , al Usuario : 29726 Mail : ROBERTOERRO@ARNET.COM.AR
* Encuesta enviada 2011/07/25 17:27:16 , al Usuario : 29751 Mail : JREDONDO@SEGURO.ARNETBIZ.COM.AR
* Encuesta enviada 2011/07/25 17:27:17 , al Usuario : 29769 Mail : CISEGUR@ARNET.COM.AR
* Encuesta enviada 2011/07/25 17:27:18 , al Usuario : 29807 Mail : ORGANIZACIONPIAGGIO@HOTMAIL.COM
* Encuesta enviada 2011/07/25 17:27:19 , al Usuario : 29831 Mail : MANSUR@TRCNET.COM.AR
* Encuesta enviada 2011/07/25 17:27:20 , al Usuario : 29874 Mail : INFO@JORGEMARCUZZI.COM.AR
* Encuesta enviada 2011/07/25 17:27:21 , al Usuario : 29939 Mail : CALIGIURI.SEGUROS@GMAIL.COM
* Encuesta enviada 2011/07/25 17:27:23 , al Usuario : 29963 Mail : ASESORAMIENTOASEGURADOR@FIBERTEL.COM.AR
* Encuesta enviada 2011/07/25 17:27:24 , al Usuario : 29980 Mail : FABIANALVAREZ@AYGSEGUROS.COM.AR
* Encuesta enviada 2011/07/25 17:27:25 , al Usuario : 30007 Mail : VILLALBASEGUROS@SUARDI.COM.AR
* Encuesta enviada 2011/07/25 17:27:27 , al Usuario : 30015 Mail : CRESTAM@HOTMAIL.COM
* Encuesta enviada 2011/07/25 17:27:28 , al Usuario : 30031 Mail : CARLOS_CITERONI@STEELCDG.COM.AR
* Encuesta enviada 2011/07/25 17:27:29 , al Usuario : 30066 Mail : SRGUITA@SERVICOOPSA.COM.AR
* Encuesta enviada 2011/07/25 17:27:30 , al Usuario : 30074 Mail : EDUPISAGATA@HOTMAIL.COM
* Encuesta enviada 2011/07/25 17:27:32 , al Usuario : 30082 Mail : GRACIELAISLA@ORGTESTA.COM.AR
* Encuesta enviada 2011/07/25 17:27:33 , al Usuario : 30147 Mail : JOSELUISVELIZ@ARNETBIZ.COM.AR
* Encuesta enviada 2011/07/25 17:27:34 , al Usuario : 30171 Mail : SGIOVAGNOLI@SGIOVAGNOLI.COM.AR
* Encuesta enviada 2011/07/25 17:27:35 , al Usuario : 30236 Mail : ALCEOBARBISAN@HOTMAIL.COM
* Encuesta enviada 2011/07/25 17:27:37 , al Usuario : 30287 Mail : SEGUROS@ORG-MCORADELLO.COM.AR
* Encuesta enviada 2011/07/25 17:27:38 , al Usuario : 30317 Mail : GPS@TILISARAONET.COM.AR
* Encuesta enviada 2011/07/25 17:27:39 , al Usuario : 30325 Mail : MARIOPASCUAL@ROSBROKERS.COM.AR
* Encuesta enviada 2011/07/25 17:27:40 , al Usuario : 30333 Mail : INFO@GSADVISER.COM.AR
* Encuesta enviada 2011/07/25 17:27:42 , al Usuario : 30368 Mail : PFPEREZ@GRUPOINTER.COM.AR
* Encuesta enviada 2011/07/25 17:27:43 , al Usuario : 30376 Mail : NMASSO@ARNET.COM.AR
* Encuesta enviada 2011/07/25 17:27:44 , al Usuario : 30422 Mail : ROCHASEGUROS@SPEEDY.COM.AR
* Encuesta enviada 2011/07/25 17:27:45 , al Usuario : 30431 Mail : JCMARCIALE@INFOVIA.COM.AR
* Encuesta enviada 2011/07/25 17:27:47 , al Usuario : 30465 Mail : MJULIA@PEREZMILLAN.COM.AR
(*2) Error En el Envio Mail. Usuario : 30490 , mail : JUFER@IDI.COM.AR, mensaje:  Invalid Addresses;
  nested exception is:
	class com.sun.mail.smtp.SMTPAddressFailedException: 451 DNS temporary failure (#4.5.1 - chkuser)

* Encuesta enviada 2011/07/25 17:28:24 , al Usuario : 30511 Mail : CARINASTALTARI@YAHOO.COM.AR
* Encuesta enviada 2011/07/25 17:28:25 , al Usuario : 30538 Mail : CARLOSALBERTOCAMBRES@HOTMAIL.COM
* Encuesta enviada 2011/07/25 17:28:26 , al Usuario : 30813 Mail : MARTIN.SEGUROS@GMAIL.COM
* Encuesta enviada 2011/07/25 17:28:27 , al Usuario : 30864 Mail : CASULLOCOBRANZA@SPEEDY.COM.AR
* Encuesta enviada 2011/07/25 17:28:28 , al Usuario : 30899 Mail : LAFAILLESEGUROS@SPEEDY.COM.AR
* Encuesta enviada 2011/07/25 17:28:30 , al Usuario : 31054 Mail : JPAGANI@COEVICAL-NET.COM.AR
* Encuesta enviada 2011/07/25 17:28:32 , al Usuario : 31097 Mail : PRODUCCION@ORGSANTARELLI.COM.AR
* Encuesta enviada 2011/07/25 17:28:33 , al Usuario : 31101 Mail : MARTINLAFLEUR@CTEJEDOR.COM.AR
* Encuesta enviada 2011/07/25 17:28:34 , al Usuario : 31135 Mail : LRSANTINI@GMAIL.COM
* Encuesta enviada 2011/07/25 17:28:36 , al Usuario : 31224 Mail : ALARCONSEGUROS@HOTMAIL.COM
* Encuesta enviada 2011/07/25 17:28:37 , al Usuario : 31232 Mail : COBRANZAS@ARGBROKER.COM.AR
* Encuesta enviada 2011/07/25 17:28:38 , al Usuario : 31330 Mail : BUSTOSALICIA@HOTMAIL.COM
* Encuesta enviada 2011/07/25 17:28:39 , al Usuario : 31364 Mail : OLMEDOJORGE@ARNET.COM.AR
* Encuesta enviada 2011/07/25 17:28:40 , al Usuario : 31381 Mail : PROLDAN2006@YAHOO.COM.AR
* Encuesta enviada 2011/07/25 17:28:41 , al Usuario : 31399 Mail : JTSEGUROS@NECOCHEANET.COM.AR
* Encuesta enviada 2011/07/25 17:28:42 , al Usuario : 31453 Mail : RSPERTINO@BROCKERSEGUROS.ARNETBIZ.COM.AR
* Encuesta enviada 2011/07/25 17:28:43 , al Usuario : 31470 Mail : BROKERSEGUROS@ARNET.COM.AR
* Encuesta enviada 2011/07/25 17:28:45 , al Usuario : 31496 Mail : TNICOLAS@FIBERTEL.COM.AR
* Encuesta enviada 2011/07/25 17:28:46 , al Usuario : 31526 Mail : INFO@SEGSURSEGUROS.COM.AR
* Encuesta enviada 2011/07/25 17:28:47 , al Usuario : 31534 Mail : FLAVIODANGELO@MERLO-SL.COM.AR
* Encuesta enviada 2011/07/25 17:28:48 , al Usuario : 31615 Mail : BORRAJOSEGUROS@HOTMAIL.COM
* Encuesta enviada 2011/07/25 17:28:50 , al Usuario : 31658 Mail : ARCIONISEGUROS@SMANDES.COM.AR
* Encuesta enviada 2011/07/25 17:28:51 , al Usuario : 31691 Mail : VIVIANA_HERRLEIN@ARGBROKER.COM.AR
* Encuesta enviada 2011/07/25 17:28:52 , al Usuario : 31704 Mail : JARZA@ARNET.COM.AR
* Encuesta enviada 2011/07/25 17:28:53 , al Usuario : 31721 Mail : NGHIOTTO@LPSBA.COM.AR
* Encuesta enviada 2011/07/25 17:28:56 , al Usuario : 31763 Mail : LAURA.SANCHEZ@AR.ROYALSUN.COM
* Encuesta enviada 2011/07/25 17:28:57 , al Usuario : 31810 Mail : GROSAS2004@YAHOO.COM.AR
* Encuesta enviada 2011/07/25 17:29:00 , al Usuario : 31844 Mail : GCABRERA@RAFFOSEGUROS.COM.AR
* Encuesta enviada 2011/07/25 17:29:01 , al Usuario : 31852 Mail : MAXGUERRA@ARNET.COM.AR
* Encuesta enviada 2011/07/25 17:29:02 , al Usuario : 31879 Mail : OSCARROZADA@POWERVT.COM.AR
* Encuesta enviada 2011/07/25 17:29:03 , al Usuario : 31895 Mail : NORCECAR@SION.COM
* Encuesta enviada 2011/07/25 17:29:04 , al Usuario : 31909 Mail : ADMINISTRACION@GESESEGUROS.COM
* Encuesta enviada 2011/07/25 17:29:06 , al Usuario : 31933 Mail : CANALSEG@ENREDES.COM.AR
* Encuesta enviada 2011/07/25 17:29:07 , al Usuario : 31941 Mail : GFRSEGUROSBANFIELD@YAHOO.COM.AR
* Encuesta enviada 2011/07/25 17:29:08 , al Usuario : 31968 Mail : SEGUROSZORAIDA@DATAFULL.COM
* Encuesta enviada 2011/07/25 17:29:09 , al Usuario : 31984 Mail : SLAURAJL@CIUDAD.COM.AR
* Encuesta enviada 2011/07/25 17:29:10 , al Usuario : 31992 Mail : EFRAGUEIRO@YAHOO.COM.AR
* Encuesta enviada 2011/07/25 17:29:11 , al Usuario : 32018 Mail : SEGUROS@ESTUDIO-GS.COM.AR
* Encuesta enviada 2011/07/25 17:29:13 , al Usuario : 32026 Mail : RAVASSAOLIVASEGUROS@GMAIL.COM
* Encuesta enviada 2011/07/25 17:29:14 , al Usuario : 32085 Mail : MADCORAR@CIUDAD.COM.AR
* Encuesta enviada 2011/07/25 17:29:15 , al Usuario : 32093 Mail : ADMINISTRACION@GNCOLLIARD.COM.AR
* Encuesta enviada 2011/07/25 17:29:16 , al Usuario : 32123 Mail : CARLOSRAGGIO@ARNET.COM.AR
* Encuesta enviada 2011/07/25 17:29:18 , al Usuario : 32140 Mail : LAUXMANN@ARNET.COM.AR
* Encuesta enviada 2011/07/25 17:29:19 , al Usuario : 32166 Mail : CILIBERTI814@GMAIL.COM
* Encuesta enviada 2011/07/25 17:29:21 , al Usuario : 32174 Mail : DANILO.BOCHATON@ARG-BROKER.COM.AR
* Encuesta enviada 2011/07/25 17:29:22 , al Usuario : 32191 Mail : SEGUSUR@SPEEDY.COM.AR
* Encuesta enviada 2011/07/25 17:29:23 , al Usuario : 32247 Mail : GUBELLART@YAHOO.COM.AR
* Encuesta enviada 2011/07/25 17:29:25 , al Usuario : 32263 Mail : SEGTUR11177@YAHOO.COM.AR
* Encuesta enviada 2011/07/25 17:29:28 , al Usuario : 32298 Mail : JSALGADO@LYCOS.CO.UK
* Encuesta enviada 2011/07/25 17:29:29 , al Usuario : 32379 Mail : EZUCOTTI@FEDPAT.COM.AR
* Encuesta enviada 2011/07/25 17:29:30 , al Usuario : 32387 Mail : ZEBALLOSDANI@SPEEDY.COM.AR
* Encuesta enviada 2011/07/25 17:29:31 , al Usuario : 32395 Mail : SEGUROS_ALBORNOZ@YAHOO.COM.AR
* Encuesta enviada 2011/07/25 17:29:32 , al Usuario : 32468 Mail : ROSARIO_SEGUROS@ARNETBIZ.COM.AR
* Encuesta enviada 2011/07/25 17:29:33 , al Usuario : 32484 Mail : LIBERTYACASSUSO@ARNET.COM.AR
* Encuesta enviada 2011/07/25 17:29:35 , al Usuario : 32492 Mail : OCAMPORR@PRODESEG.COM.AR
* Encuesta enviada 2011/07/25 17:29:36 , al Usuario : 32522 Mail : DANIELINNOCENZI@YAHOO.COM.AR
* Encuesta enviada 2011/07/25 17:29:38 , al Usuario : 32581 Mail : CLAUDIOHAJEK@GMAIL.COM
* Encuesta enviada 2011/07/25 17:29:41 , al Usuario : 32603 Mail : MECERDA@EXASEG.COM.AR
* Encuesta enviada 2011/07/25 17:29:43 , al Usuario : 32646 Mail : JUANCARLOS@JUANCARLOSALASSIA.COM.AR
* Encuesta enviada 2011/07/25 17:29:44 , al Usuario : 32654 Mail : PABLO@MOLINARISEGUROS.COM.AR
* Encuesta enviada 2011/07/25 17:29:45 , al Usuario : 32662 Mail : STELLAVALLEJOS@ARNET.COM.AR
* Encuesta enviada 2011/07/25 17:29:46 , al Usuario : 32701 Mail : SERRA_SEGUROS@YAHOO.COM.AR
* Encuesta enviada 2011/07/25 17:29:50 , al Usuario : 32719 Mail : DGONZALEZ@TROYANOSEGUROS.COM.AR
* Encuesta enviada 2011/07/25 17:29:51 , al Usuario : 32751 Mail : BIANCHINIRUBENA@HOTMAIL.COM
* Encuesta enviada 2011/07/25 17:29:52 , al Usuario : 32760 Mail : DARIOLEDESMA@CIUDAD.COM.AR
* Encuesta enviada 2011/07/25 17:29:53 , al Usuario : 32786 Mail : NTRUCCO@GIGARED.COM
* Encuesta enviada 2011/07/25 17:29:54 , al Usuario : 32794 Mail : ESTUDIO_PALENA@NODOSUD.COM.AR
* Encuesta enviada 2011/07/25 17:29:56 , al Usuario : 32808 Mail : CARLOS@ORLANDO.NET.AR
* Encuesta enviada 2011/07/25 17:29:57 , al Usuario : 32832 Mail : ESTEBANCHIAPPARI@YAHOO.COM.AR
* Encuesta enviada 2011/07/25 17:29:59 , al Usuario : 32841 Mail : COTIZACIONES03@YAHOO.COM.AR
* Encuesta enviada 2011/07/25 17:30:00 , al Usuario : 32859 Mail : GIACONI@HOTMAIL.COM
* Encuesta enviada 2011/07/25 17:30:01 , al Usuario : 32867 Mail : SEGUROSUAREZ@HOTMAIL.COM
* Encuesta enviada 2011/07/25 17:30:02 , al Usuario : 32875 Mail : RIVAS@COOPSUR.COM.AR
* Encuesta enviada 2011/07/25 17:30:03 , al Usuario : 32913 Mail : NATALIA@URTUBEYBOCCALINI.COM.AR
* Encuesta enviada 2011/07/25 17:30:04 , al Usuario : 32930 Mail : DMARCCESI@LINKDERO.COM.AR
* Encuesta enviada 2011/07/25 17:30:06 , al Usuario : 32956 Mail : LEANDRONOYA@COOPVGG.COM.AR
* Encuesta enviada 2011/07/25 17:30:07 , al Usuario : 3298 Mail : CRAVEROJOSET@CARPELL.COM.AR
* Encuesta enviada 2011/07/25 17:30:09 , al Usuario : 32999 Mail : SEGUROS@SIF-SA.COM.AR
* Encuesta enviada 2011/07/25 17:30:10 , al Usuario : 33022 Mail : EDUARDOGARCIASEGUROS@HOTMAIL.COM
* Encuesta enviada 2011/07/25 17:30:12 , al Usuario : 33049 Mail : FELICE@COOPSAL.COM.AR
* Encuesta enviada 2011/07/25 17:30:13 , al Usuario : 33057 Mail : OESTESEGUROS@INFOVIA.COM.AR
* Encuesta enviada 2011/07/25 17:30:14 , al Usuario : 33090 Mail : MSEGUROS@GIGARED.COM
* Encuesta enviada 2011/07/25 17:30:15 , al Usuario : 33146 Mail : BUTTARELLI@CABLENET.COM.AR
* Encuesta enviada 2011/07/25 17:30:16 , al Usuario : 33189 Mail : AMBROGETTISEGUROS@YAHOO.COM.AR
* Encuesta enviada 2011/07/25 17:30:20 , al Usuario : 33197 Mail : AMBROGETTI@CHIVILCOY.COM.AR
* Encuesta enviada 2011/07/25 17:30:21 , al Usuario : 33227 Mail : TMCSEGUROS@YAHOO.COM.AR
* Encuesta enviada 2011/07/25 17:30:22 , al Usuario : 33235 Mail : HECTOR@MOYANOSEGUROS.COM.AR
* Encuesta enviada 2011/07/25 17:30:23 , al Usuario : 33243 Mail : OSCARCASELGRANDI@SPEEDY.COM.AR
* Encuesta enviada 2011/07/25 17:30:25 , al Usuario : 33251 Mail : ALCARAZ@MONESNET.COM.AR
* Encuesta enviada 2011/07/25 17:30:27 , al Usuario : 33260 Mail : INFO@SEGUROSTRIBUZI.COM.AR
* Encuesta enviada 2011/07/25 17:30:28 , al Usuario : 33278 Mail : HERNANDEZPEDRO60@YAHOO.COM.AR
* Encuesta enviada 2011/07/25 17:30:29 , al Usuario : 33286 Mail : IENCOSEGUROS@ARNET.COM.AR
* Encuesta enviada 2011/07/25 17:30:30 , al Usuario : 33294 Mail : ESTUDIOSEISDEDOS@HOTMAIL.COM
* Encuesta enviada 2011/07/25 17:30:32 , al Usuario : 33308 Mail : MARIELACASTRO@MJCBA.COM.AR
* Encuesta enviada 2011/07/25 17:30:33 , al Usuario : 33316 Mail : CDAIRALDI@ARNET.COM.AR
* Encuesta enviada 2011/07/25 17:30:34 , al Usuario : 33324 Mail : ZEPE214@ARNET.COM.AR
* Encuesta enviada 2011/07/25 17:30:35 , al Usuario : 33332 Mail : LOSBAGNERA@CARPELL.COM.AR
* Encuesta enviada 2011/07/25 17:30:36 , al Usuario : 33341 Mail : CALVETESEGUROS.ANDREA@YAHOO.COM.AR
* Encuesta enviada 2011/07/25 17:30:37 , al Usuario : 33359 Mail : JGORJONSEGUROS@SPEEDY.COM.AR
* Encuesta enviada 2011/07/25 17:30:38 , al Usuario : 33375 Mail : GATTELETSEGUROS@HOTMAIL.COM
* Encuesta enviada 2011/07/25 17:30:40 , al Usuario : 33405 Mail : PACORW@ARNET.COM.AR
* Encuesta enviada 2011/07/25 17:30:42 , al Usuario : 33413 Mail : CASTILLONESTOR@NET-G.COM.AR
* Encuesta enviada 2011/07/25 17:30:44 , al Usuario : 33421 Mail : ANABELA@ISAIR3.COM.AR
* Encuesta enviada 2011/07/25 17:30:45 , al Usuario : 33456 Mail : LUCIANA.ESTUDIO@BOMBAL.NET.AR
* Encuesta enviada 2011/07/25 17:30:46 , al Usuario : 33472 Mail : MARIOLBENVENUTI@MLBSEGUROS.COM.AR
* Encuesta enviada 2011/07/25 17:30:47 , al Usuario : 33481 Mail : MPUCCI@LAPRIDA.NET
* Encuesta enviada 2011/07/25 17:30:49 , al Usuario : 33502 Mail : MEDE_IGLESIAS@CIUDAD.COM.AR
* Encuesta enviada 2011/07/25 17:30:50 , al Usuario : 33511 Mail : VIRGASEGUROS@GMAIL.COM
* Encuesta enviada 2011/07/25 17:30:51 , al Usuario : 33570 Mail : SEGUROSMARIANI@SPEEDY.COM.AR
* Encuesta enviada 2011/07/25 17:30:52 , al Usuario : 33588 Mail : EDGARDFIGUERES@ARNET.COM.AR
* Encuesta enviada 2011/07/25 17:30:53 , al Usuario : 33642 Mail : GUSTAVO_SARACENI@YAHOO.COM.AR
* Encuesta enviada 2011/07/25 17:30:55 , al Usuario : 33651 Mail : FERNANDOLAMOR@LATINMAIL.COM
* Encuesta enviada 2011/07/25 17:30:56 , al Usuario : 33707 Mail : OMAR.PALACIOS@SPEEDY.COM.AR
* Encuesta enviada 2011/07/25 17:30:57 , al Usuario : 33723 Mail : LIDERAR@NECOCHEANET.COM.AR
* Encuesta enviada 2011/07/25 17:30:58 , al Usuario : 33812 Mail : JAVICENTIN@SURC.COM.AR
* Encuesta enviada 2011/07/25 17:30:59 , al Usuario : 33839 Mail : MP_SEGUROS@CIUDAD.COM.AR
* Encuesta enviada 2011/07/25 17:31:00 , al Usuario : 33855 Mail : CAROLINASORIASEG@HOTMAIL.COM
* Encuesta enviada 2011/07/25 17:31:02 , al Usuario : 33901 Mail : APRSEGU@FIBERTEL.COM.AR
* Encuesta enviada 2011/07/25 17:31:03 , al Usuario : 33910 Mail : CORRALSEG@CARLOSCORRAL.COM.AR
* Encuesta enviada 2011/07/25 17:31:05 , al Usuario : 33944 Mail : LORENZO.BALBI@SPEEDY.COM.AR
* Encuesta enviada 2011/07/25 17:31:06 , al Usuario : 33952 Mail : MONSALVOPADS@GILESONLINE.COM.AR
* Encuesta enviada 2011/07/25 17:31:07 , al Usuario : 33979 Mail : DRUETTA@SINECTIS.COM.AR
* Encuesta enviada 2011/07/25 17:31:08 , al Usuario : 33995 Mail : SDELUCA@FEDPAT.COM.AR
* Encuesta enviada 2011/07/25 17:31:09 , al Usuario : 34029 Mail : QUIROZSEGUROS@YAHOO.COM.AR
* Encuesta enviada 2011/07/25 17:31:10 , al Usuario : 34045 Mail : SAMSEGUROS@HOTMAIL.COM
* Encuesta enviada 2011/07/25 17:31:11 , al Usuario : 34070 Mail : ORTIZCARLOSA@SPEEDY.COM.AR
* Encuesta enviada 2011/07/25 17:31:12 , al Usuario : 34088 Mail : GONZALEZ-R@SEGUROSMENDOZA.COM.AR
* Encuesta enviada 2011/07/25 17:31:14 , al Usuario : 34100 Mail : JULIO219@INFOVIA.COM.AR
* Encuesta enviada 2011/07/25 17:31:15 , al Usuario : 34134 Mail : ORGSAGER@MALABRIGO.TRCNET.COM.AR
* Encuesta enviada 2011/07/25 17:31:16 , al Usuario : 34142 Mail : VERA_A@SEGUROSMENDOZA.COM.AR
* Encuesta enviada 2011/07/25 17:31:17 , al Usuario : 34151 Mail : CEUGARTESEGUROS@CANALSNET.COM.AR
* Encuesta enviada 2011/07/25 17:31:18 , al Usuario : 34169 Mail : BARROYASOCIADOS@FIBERTEL.COM.AR
* Encuesta enviada 2011/07/25 17:31:19 , al Usuario : 34177 Mail : M14F@ARNET.COM.AR
* Encuesta enviada 2011/07/25 17:31:20 , al Usuario : 34215 Mail : MARIODEALMEIDA2000@YAHOO.COM.AR
* Encuesta enviada 2011/07/25 17:31:21 , al Usuario : 34240 Mail : MARISAALEART@HOTMAIL.COM
* Encuesta enviada 2011/07/25 17:31:22 , al Usuario : 34282 Mail : LUNASEGUROS2002@HOTMAIL.COM
* Encuesta enviada 2011/07/25 17:31:24 , al Usuario : 34380 Mail : DURINGERSEGUROS@SPEEDY.COM.AR
* Encuesta enviada 2011/07/25 17:31:25 , al Usuario : 34398 Mail : SUSANCARLOS@SPEEDY.COM.AR
* Encuesta enviada 2011/07/25 17:31:26 , al Usuario : 34410 Mail : ELENATOVO@HOTMAIL.COM
* Encuesta enviada 2011/07/25 17:31:27 , al Usuario : 34444 Mail : COOPAGRI@COOPSANCTI.COM.AR
* Encuesta enviada 2011/07/25 17:31:28 , al Usuario : 34452 Mail : GRUPOLAGOS@ARNETBIZ.COM.AR
* Encuesta enviada 2011/07/25 17:31:29 , al Usuario : 34461 Mail : JUANANDRESVELASQUEZ@HOTMAIL.COM
* Encuesta enviada 2011/07/25 17:31:30 , al Usuario : 34487 Mail : DEPINHOSEGUROS@GMAIL.COM
* Encuesta enviada 2011/07/25 17:31:31 , al Usuario : 34576 Mail : BIANCOSANZ@POWERVT.COM.AR
* Encuesta enviada 2011/07/25 17:31:33 , al Usuario : 34584 Mail : OSCARVILLEGASV@YAHOO.COM.AR
* Encuesta enviada 2011/07/25 17:31:34 , al Usuario : 34631 Mail : MANUELGIACCONE@HOTMAIL.COM
* Encuesta enviada 2011/07/25 17:31:35 , al Usuario : 34649 Mail : JFMERITANO@YAHOO.COM.AR
* Encuesta enviada 2011/07/25 17:31:36 , al Usuario : 34665 Mail : ENDITOMASO@HOTMAIL.COM
* Encuesta enviada 2011/07/25 17:31:37 , al Usuario : 34681 Mail : HAYBAR@PRODESEG.COM.AR
* Encuesta enviada 2011/07/25 17:31:38 , al Usuario : 34720 Mail : MREPETTO@HOTMAIL.COM
* Encuesta enviada 2011/07/25 17:31:39 , al Usuario : 34819 Mail : JORVERO@ARNET.COM.AR
* Encuesta enviada 2011/07/25 17:31:40 , al Usuario : 34827 Mail : AMP.SEGUROS@YAHOO.COM.AR
* Encuesta enviada 2011/07/25 17:31:42 , al Usuario : 34835 Mail : COMERCIALRESGUARDO@ARNET.COM.AR
* Encuesta enviada 2011/07/25 17:31:43 , al Usuario : 34843 Mail : ANGELGIRGENTI@YAHOO.COM.AR
* Encuesta enviada 2011/07/25 17:31:44 , al Usuario : 34851 Mail : SEGUROSCUCHI@INTERONDA.COM.AR
* Encuesta enviada 2011/07/25 17:31:45 , al Usuario : 34886 Mail : JPORRATO@SERVICOOPSA.COM.AR
* Encuesta enviada 2011/07/25 17:31:46 , al Usuario : 34916 Mail : MASILVINAB@HOTMAIL.COM
* Encuesta enviada 2011/07/25 17:31:47 , al Usuario : 34932 Mail : FEDELE.SEGUROS@GMAIL.COM
* Encuesta enviada 2011/07/25 17:31:48 , al Usuario : 34941 Mail : QYQHORACIO@HOTMAIL.COM
* Encuesta enviada 2011/07/25 17:31:50 , al Usuario : 34959 Mail : ROXMORA@LQ.COM.AR
* Encuesta enviada 2011/07/25 17:31:51 , al Usuario : 34967 Mail : TOMATISSEGUROS@YAHOO.COM.AR
* Encuesta enviada 2011/07/25 17:31:52 , al Usuario : 34991 Mail : MTIRRITOSEGUROS@HOTMAIL.COM
* Encuesta enviada 2011/07/25 17:31:53 , al Usuario : 35025 Mail : GRACIELAGESTIONES@GMAIL.COM
* Encuesta enviada 2011/07/25 17:31:55 , al Usuario : 35041 Mail : LBONTEMPO@BBT11.COM.AR
* Encuesta enviada 2011/07/25 17:31:56 , al Usuario : 35068 Mail : ROSSIROSSI@FIBERTEL.COM.AR
* Encuesta enviada 2011/07/25 17:31:57 , al Usuario : 35076 Mail : FARCOMSEG@ARNET.COM.AR
* Encuesta enviada 2011/07/25 17:31:58 , al Usuario : 35084 Mail : CDPOMILIO@POMILIO-ASOCIADOS.COM.AR
* Encuesta enviada 2011/07/25 17:31:59 , al Usuario : 35092 Mail : MMFERNANDEZ@ARNET.COM.AR
* Encuesta enviada 2011/07/25 17:32:00 , al Usuario : 35114 Mail : LURASCHISEGUROS@DAT1.NET.AR
* Encuesta enviada 2011/07/25 17:32:02 , al Usuario : 35149 Mail : CONSULTAS@GSSEGUROS.COM.AR
* Encuesta enviada 2011/07/25 17:32:03 , al Usuario : 35157 Mail : PIPO@ARNET.COM.AR
* Encuesta enviada 2011/07/25 17:32:04 , al Usuario : 35165 Mail : FERNANDA.MENDIZABAL@SPEEDY.COM.AR
* Encuesta enviada 2011/07/25 17:32:05 , al Usuario : 35203 Mail : ABAIMA@STEELCDG.COM.AR
* Encuesta enviada 2011/07/25 17:32:06 , al Usuario : 35211 Mail : CISMORENO@SPEEDY.COM.AR
* Encuesta enviada 2011/07/25 17:32:07 , al Usuario : 35262 Mail : SANISIDRO@PARATORESEGUROS.COM.AR
* Encuesta enviada 2011/07/25 17:32:08 , al Usuario : 35271 Mail : PABLOLOPEZSEGUROS@HOTMAIL.COM
* Encuesta enviada 2011/07/25 17:32:09 , al Usuario : 35297 Mail : PIACENTINISEGUROS@FIBERTEL.COM.AR
* Encuesta enviada 2011/07/25 17:32:10 , al Usuario : 35301 Mail : GABYCALANDRELLI@YAHOO.COM.AR
* Encuesta enviada 2011/07/25 17:32:12 , al Usuario : 35327 Mail : O-ANSALDI@ARNET.COM.AR
* Encuesta enviada 2011/07/25 17:32:13 , al Usuario : 35386 Mail : MENDIZABALMARIA@SPEEDY.COM.AR
* Encuesta enviada 2011/07/25 17:32:14 , al Usuario : 35408 Mail : CARINAINGANI@YAHOO.COM.AR
* Encuesta enviada 2011/07/25 17:32:15 , al Usuario : 35432 Mail : SMEREZUMA@HOTMAIL.COM
* Encuesta enviada 2011/07/25 17:32:16 , al Usuario : 35441 Mail : MONASTERIOJORGEAGUSTIN@YAHOO.ES
* Encuesta enviada 2011/07/25 17:32:17 , al Usuario : 35459 Mail : ASESORIASEGUROSGENERALES@YAHOO.COM.AR
* Encuesta enviada 2011/07/25 17:32:18 , al Usuario : 3549 Mail : RODRIGOLSALAS@CIUDAD.COM.AR
* Encuesta enviada 2011/07/25 17:32:20 , al Usuario : 35556 Mail : JAROLFO@CEGNET.COM.AR
* Encuesta enviada 2011/07/25 17:32:21 , al Usuario : 35564 Mail : PLANES@ARNET.COM.AR
* Encuesta enviada 2011/07/25 17:32:22 , al Usuario : 35599 Mail : MYNSEGUROS@INTERCOM.COM.AR
* Encuesta enviada 2011/07/25 17:32:23 , al Usuario : 35602 Mail : MCARVALHO_SEGUROS@HOTMAIL.COM
* Encuesta enviada 2011/07/25 17:32:24 , al Usuario : 35611 Mail : NESTORJDIAZ@HOTMAIL.COM
* Encuesta enviada 2011/07/25 17:32:25 , al Usuario : 35645 Mail : VANDA.LECCHI@SPEEDY.COM.AR
* Encuesta enviada 2011/07/25 17:32:26 , al Usuario : 35653 Mail : SEGUROS@HHDEBAZ.ARNETBIZ.COM.AR
(*2) Error En el Envio Mail. Usuario : 35688 , mail : CSEGUROS@COMININET.COM.AR, mensaje:  Invalid Addresses;
  nested exception is:
	class com.sun.mail.smtp.SMTPAddressFailedException: 451 DNS temporary failure (#4.5.1 - chkuser)

* Encuesta enviada 2011/07/25 17:32:59 , al Usuario : 35742 Mail : CEJASSEGUROS@ITC.COM.AR
* Encuesta enviada 2011/07/25 17:33:00 , al Usuario : 35769 Mail : SEGUROSCEJAS@ITC.COM.AR
* Encuesta enviada 2011/07/25 17:33:01 , al Usuario : 35785 Mail : PRO-AS@ARNET.COM.AR
* Encuesta enviada 2011/07/25 17:33:02 , al Usuario : 35807 Mail : AALASSIA@FEDPAT.COM.AR
* Encuesta enviada 2011/07/25 17:33:03 , al Usuario : 35815 Mail : ALVEASEGUROS_2000@YAHOO.COM.AR
* Encuesta enviada 2011/07/25 17:33:04 , al Usuario : 35823 Mail : RODRIGUEZ_SEGUROS@ARNET.COM.AR
* Encuesta enviada 2011/07/25 17:33:05 , al Usuario : 35891 Mail : VERA-SEGUROS@HOTMAIL.COM
* Encuesta enviada 2011/07/25 17:33:06 , al Usuario : 35904 Mail : JUANBALBONTIN@FIBERTEL.COM.AR
* Encuesta enviada 2011/07/25 17:33:09 , al Usuario : 35980 Mail : JBASSINI@MB-SEGUROS.COM.AR
* Encuesta enviada 2011/07/25 17:33:10 , al Usuario : 36013 Mail : GTORVISO@ARNET.COM.AR
* Encuesta enviada 2011/07/25 17:33:11 , al Usuario : 36021 Mail : SEGUROSVILLEGAS@ARNETBIZ.COM.AR
* Encuesta enviada 2011/07/25 17:33:12 , al Usuario : 36048 Mail : DECIBESEGUROS@SPEEDY.COM.AR
* Encuesta enviada 2011/07/25 17:33:13 , al Usuario : 36111 Mail : NPANE@ORGANIZACIONDAVILA.COM.AR
* Encuesta enviada 2011/07/25 17:33:14 , al Usuario : 36137 Mail : MUTUALMERCADOSDEROSARIO@HOTMAIL.COM
* Encuesta enviada 2011/07/25 17:33:15 , al Usuario : 36161 Mail : HJFPALMA@YAHOO.COM.AR
* Encuesta enviada 2011/07/25 17:33:16 , al Usuario : 36188 Mail : RUBENRIQUELME@HOTMAIL.COM
* Encuesta enviada 2011/07/25 17:33:18 , al Usuario : 36234 Mail : RODOGF@HOTMAIL.COM
* Encuesta enviada 2011/07/25 17:33:21 , al Usuario : 36251 Mail : INFO@BEVILACQUASEGUROS.COM.AR
* Encuesta enviada 2011/07/25 17:33:22 , al Usuario : 36269 Mail : CLAMARRUB@HOTMAIL.COM
* Encuesta enviada 2011/07/25 17:33:23 , al Usuario : 36277 Mail : MLCABEZAS@YAHOO.COM.AR
* Encuesta enviada 2011/07/25 17:33:27 , al Usuario : 36307 Mail : BONFANTISEGUROS@ARGENTINA.COM
* Encuesta enviada 2011/07/25 17:33:28 , al Usuario : 36315 Mail : JUANDOMINGOAZAR@HOTMAIL.COM
* Encuesta enviada 2011/07/25 17:33:30 , al Usuario : 36323 Mail : ORGANIZADORADERIESGO@SINECTIS.COM.AR
* Encuesta enviada 2011/07/25 17:33:31 , al Usuario : 36331 Mail : DGONZALEZSCAGLIA2@YAHOO.COM.AR
* Encuesta enviada 2011/07/25 17:33:32 , al Usuario : 36340 Mail : PRODUCCION@VIRTUALRED.COM.AR
* Encuesta enviada 2011/07/25 17:33:33 , al Usuario : 36391 Mail : SEGUROSFUNES@HOTMAIL.COM
* Encuesta enviada 2011/07/25 17:33:34 , al Usuario : 36463 Mail : SYSSEGUROS@SPEEDY.COM.AR
* Encuesta enviada 2011/07/25 17:33:35 , al Usuario : 36471 Mail : GONSCAL.LUISGONZALEZ@GMAIL.COM
* Encuesta enviada 2011/07/25 17:33:37 , al Usuario : 36498 Mail : PAOLAPETROSINI@SPEEDY.COM.AR
* Encuesta enviada 2011/07/25 17:33:39 , al Usuario : 36510 Mail : PROTECTORACORDOBESA@FULLZERO.COM.AR
* Encuesta enviada 2011/07/25 17:33:40 , al Usuario : 36528 Mail : ESTUDIOLOPEZMAYORGA@ARNET.COM.AR
* Encuesta enviada 2011/07/25 17:33:41 , al Usuario : 36536 Mail : VICTORHUGOLUPIN@HOTMAIL.COM
* Encuesta enviada 2011/07/25 17:33:42 , al Usuario : 36544 Mail : SEGUROS@BRUNOSEGUROS.COM.AR
* Encuesta enviada 2011/07/25 17:33:43 , al Usuario : 36561 Mail : CARLOSBARROSOSEGUROS@YAHOO.COM.AR
* Encuesta enviada 2011/07/25 17:33:45 , al Usuario : 36595 Mail : EDEMARCHI@ITC.COM.AR
* Encuesta enviada 2011/07/25 17:33:46 , al Usuario : 36609 Mail : ARIELELDAHUK@SPEEDY.COM.AR
* Encuesta enviada 2011/07/25 17:33:47 , al Usuario : 36625 Mail : JORGE@MASSANTISEGUROS.ARNETBIZ.COM.AR
* Encuesta enviada 2011/07/25 17:33:48 , al Usuario : 36684 Mail : MARCIAGOMEZ@SPEEDY.COM.AR
* Encuesta enviada 2011/07/25 17:33:49 , al Usuario : 36692 Mail : JORGEANGELFORNES@YAHOO.COM.AR
* Encuesta enviada 2011/07/25 17:33:50 , al Usuario : 36706 Mail : SEBASTIAN_DECURNEX73@HOTMAIL.COM
* Encuesta enviada 2011/07/25 17:33:51 , al Usuario : 36722 Mail : RIDLEVSKY@HOTMAIL.COM
* Encuesta enviada 2011/07/25 17:33:52 , al Usuario : 36731 Mail : GRUPO_ASEGU@HOTMAIL.COM
* Encuesta enviada 2011/07/25 17:33:54 , al Usuario : 36765 Mail : OSVALDO.CASTRO@ALLAMERICANB.COM.AR
* Encuesta enviada 2011/07/25 17:33:55 , al Usuario : 36773 Mail : TELMOAL@SPEEDY.COM.AR
* Encuesta enviada 2011/07/25 17:33:56 , al Usuario : 36781 Mail : ADINIERI@SEGUROSMAIPU.COM.AR
* Encuesta enviada 2011/07/25 17:33:58 , al Usuario : 36803 Mail : PRODUCTORES4444@HOTMAIL.COM
* Encuesta enviada 2011/07/25 17:33:59 , al Usuario : 36811 Mail : SEGUROS_OM@HOTMAIL.COM
* Encuesta enviada 2011/07/25 17:34:00 , al Usuario : 36820 Mail : CESARRGARCIA@SPEEDY.COM.AR
* Encuesta enviada 2011/07/25 17:34:01 , al Usuario : 36854 Mail : SANCISI_ASOCIADOS@SPEEDY.COM.AR
* Encuesta enviada 2011/07/25 17:34:02 , al Usuario : 36871 Mail : RVITOSEGUROS@YAHOO.COM.AR
* Encuesta enviada 2011/07/25 17:34:03 , al Usuario : 36889 Mail : ANGELFAIOLA@SPEEDY.COM.AR
* Encuesta enviada 2011/07/25 17:34:04 , al Usuario : 36901 Mail : SEGUROSCAF@YAHOO.COM.AR
* Encuesta enviada 2011/07/25 17:34:05 , al Usuario : 36927 Mail : DIEGO.A.FERNANDEZ@GMAIL.COM
* Encuesta enviada 2011/07/25 17:34:06 , al Usuario : 36978 Mail : FPALMA@SANMARTINMZA.COM.AR
* Encuesta enviada 2011/07/25 17:34:08 , al Usuario : 36986 Mail : HANDREOLI1@COOPINT.COM.AR
* Encuesta enviada 2011/07/25 17:34:09 , al Usuario : 36994 Mail : OSVALDO_FRS@HOTMAIL.COM
* Encuesta enviada 2011/07/25 17:34:10 , al Usuario : 37001 Mail : CMDELORENZI@CPENET.COM.AR
* Encuesta enviada 2011/07/25 17:34:11 , al Usuario : 37028 Mail : S_VALLILENGUA@ARNET.COM.AR
* Encuesta enviada 2011/07/25 17:34:12 , al Usuario : 37036 Mail : FURIASSE.SEGUROS@GMAIL.COM
* Encuesta enviada 2011/07/25 17:34:13 , al Usuario : 37141 Mail : HERNANO1982@YAHOO.COM.AR
* Encuesta enviada 2011/07/25 17:34:15 , al Usuario : 37150 Mail : GRUSCONISEGUROS@SPEEDY.COM.AR
* Encuesta enviada 2011/07/25 17:34:16 , al Usuario : 37222 Mail : HAVSERVICIOS@YAHOO.COM.AR
* Encuesta enviada 2011/07/25 17:34:17 , al Usuario : 37257 Mail : CRASOCIADOS@ARNET.COM.AR
* Encuesta enviada 2011/07/25 17:34:18 , al Usuario : 37265 Mail : M_GORI_SEGUROS@YAHOO.COM.AR
* Encuesta enviada 2011/07/25 17:34:19 , al Usuario : 37281 Mail : ORGMASCIA@SION.COM
* Encuesta enviada 2011/07/25 17:34:20 , al Usuario : 37311 Mail : CASARETO_SEGUROS@YAHOO.COM.AR
* Encuesta enviada 2011/07/25 17:34:21 , al Usuario : 37346 Mail : ORGMASCIAQ@SPEEDY.COM.AR
* Encuesta enviada 2011/07/25 17:34:22 , al Usuario : 37389 Mail : JUAREZSEGUROS@SPEEDY.COM.AR
* Encuesta enviada 2011/07/25 17:34:24 , al Usuario : 37397 Mail : INFO@KANTORSEGUROS.COM.AR
* Encuesta enviada 2011/07/25 17:34:25 , al Usuario : 37419 Mail : FMIRALLES@NEWLEADERS.COM.AR
* Encuesta enviada 2011/07/25 17:34:26 , al Usuario : 37427 Mail : VILLABERDESEGUROS@ARNET.COM.AR
* Encuesta enviada 2011/07/25 17:34:28 , al Usuario : 37435 Mail : SEGUROSGOMEZPARATCHA@GMAIL.COM.AR
* Encuesta enviada 2011/07/25 17:34:29 , al Usuario : 37443 Mail : JDOMING@ADVANCEDSL.COM.AR
* Encuesta enviada 2011/07/25 17:34:30 , al Usuario : 37451 Mail : DEGANCEDOYASOC@YAHOO.COM.AR
* Encuesta enviada 2011/07/25 17:34:31 , al Usuario : 37460 Mail : ICASEGUROSLOMAS@HOTMAIL.COM
* Encuesta enviada 2011/07/25 17:34:32 , al Usuario : 37486 Mail : MIRANDAJUAN@SPEEDY.COM.AR
* Encuesta enviada 2011/07/25 17:34:33 , al Usuario : 37494 Mail : OFALOTTICO-SEGUROS@CIUDAD.COM.AR
* Encuesta enviada 2011/07/25 17:34:35 , al Usuario : 37532 Mail : LATORRE@REDLATORRE.COM.AR
* Encuesta enviada 2011/07/25 17:34:36 , al Usuario : 37559 Mail : JL.SANDOBAL@INTERBAS.NET
* Encuesta enviada 2011/07/25 17:34:37 , al Usuario : 37567 Mail : ASENNO@HOTMAIL.COM
* Encuesta enviada 2011/07/25 17:34:39 , al Usuario : 37575 Mail : ADRIANACASTELLUCCIO@SPEEDY.COM.AR
* Encuesta enviada 2011/07/25 17:34:40 , al Usuario : 37605 Mail : GESTORIAVIDELA@CHIVILNET.COM
* Encuesta enviada 2011/07/25 17:34:41 , al Usuario : 37613 Mail : JLSEGUROS@TELPIN.COM.AR
* Encuesta enviada 2011/07/25 17:34:43 , al Usuario : 37621 Mail : RAVERSA.SEGUROSELCLUB@GMAIL.COM
* Encuesta enviada 2011/07/25 17:34:44 , al Usuario : 37656 Mail : SILVIAELENAJARA@YAHOO.COM.AR
* Encuesta enviada 2011/07/25 17:34:45 , al Usuario : 37681 Mail : IANNOPOLLOSEGUROS@LIVE.COM.AR
* Encuesta enviada 2011/07/25 17:34:47 , al Usuario : 37699 Mail : LIDIAREVELLO@NUEVAIMAGENSEGUROS.COM.AR
* Encuesta enviada 2011/07/25 17:34:48 , al Usuario : 37711 Mail : DUPSALA@YAHOO.COM.AR
* Encuesta enviada 2011/07/25 17:34:49 , al Usuario : 37729 Mail : SERGIOJUAREZ4@HOTMAIL.COM
* Encuesta enviada 2011/07/25 17:34:50 , al Usuario : 37737 Mail : CESAR_ZUCCALA@YAHOO.COM.AR
* Encuesta enviada 2011/07/25 17:34:51 , al Usuario : 37753 Mail : RMEROLA@SEGUROSMAIPU.COM.AR
* Encuesta enviada 2011/07/25 17:34:52 , al Usuario : 37770 Mail : MPINARDI@CERNET.COM.AR
* Encuesta enviada 2011/07/25 17:34:54 , al Usuario : 37796 Mail : CUG_GIOIASEGUROS@YAHOO.COM.AR
* Encuesta enviada 2011/07/25 17:34:55 , al Usuario : 37800 Mail : SEGUROS@ORG-ROJAS.COM.AR
* Encuesta enviada 2011/07/25 17:34:56 , al Usuario : 37826 Mail : SEGUROSCARELLE@YAHOO.COM.AR
* Encuesta enviada 2011/07/25 17:34:57 , al Usuario : 37842 Mail : BAIPELL@ARNET.COM.AR
* Encuesta enviada 2011/07/25 17:34:59 , al Usuario : 37851 Mail : RUBENAGUIRRE@CURUZU.NET
* Encuesta enviada 2011/07/25 17:35:00 , al Usuario : 37907 Mail : COLOMBANI.CONTI@GMAIL.COM
* Encuesta enviada 2011/07/25 17:35:01 , al Usuario : 37915 Mail : GUSTAVO.LOPEZ@SPEEDY.COM.AR
* Encuesta enviada 2011/07/25 17:35:02 , al Usuario : 37923 Mail : SEGUROS.BECCAR@FIBERTEL.COM.AR
* Encuesta enviada 2011/07/25 17:35:04 , al Usuario : 37931 Mail : ALVAROD76@YAHOO.COM.AR
* Encuesta enviada 2011/07/25 17:35:05 , al Usuario : 37940 Mail : DELEG10@LIDERARSEGUROS.COM.AR
* Encuesta enviada 2011/07/25 17:35:07 , al Usuario : 37974 Mail : ROVERETTI@GMAIL.COM
* Encuesta enviada 2011/07/25 17:35:08 , al Usuario : 38024 Mail : LUNAJULIO@TUTOPIA.COM
* Encuesta enviada 2011/07/25 17:35:09 , al Usuario : 38041 Mail : GENCHICECILIA@YAHOO.COM.AR
* Encuesta enviada 2011/07/25 17:35:10 , al Usuario : 38059 Mail : ALE@CAE.CNEA.GOV.AR
* Encuesta enviada 2011/07/25 17:35:12 , al Usuario : 38067 Mail : CHIARISEGUROS@S10.COOPENET.COM.AR
* Encuesta enviada 2011/07/25 17:35:13 , al Usuario : 38091 Mail : LACOSTESEGUROS@YAHOO.COM.AR
* Encuesta enviada 2011/07/25 17:35:14 , al Usuario : 38113 Mail : ALICIABORDABERRY@JORGEDIAZYASOCIADOS.COM.AR
* Encuesta enviada 2011/07/25 17:35:15 , al Usuario : 38130 Mail : JARSEGUROS@SPEEDY.COM.AR
* Encuesta enviada 2011/07/25 17:35:16 , al Usuario : 38156 Mail : EDUARDONARVAEZ@YAHOO.COM
* Encuesta enviada 2011/07/25 17:35:17 , al Usuario : 38164 Mail : GUISANDEO@SPEEDY.COM.AR
* Encuesta enviada 2011/07/25 17:35:18 , al Usuario : 38172 Mail : SEGUROSSANDRAYJORGE@INFOVIA.COM.AR
* Encuesta enviada 2011/07/25 17:35:20 , al Usuario : 38181 Mail : ORGANIZACIONLASENAL@INFOVIA.COM.AR
* Encuesta enviada 2011/07/25 17:35:21 , al Usuario : 38202 Mail : LILIEORTIZ@CIUDAD.COM.AR
* Encuesta enviada 2011/07/25 17:35:25 , al Usuario : 38211 Mail : ITURRIAGA@LABCOINF.COM
* Encuesta enviada 2011/07/25 17:35:26 , al Usuario : 38245 Mail : LUCEROSPAVIOLI@LIVE.COM
* Encuesta enviada 2011/07/25 17:35:27 , al Usuario : 38261 Mail : DIEGOVAQUER@HOTMAIL.COM
* Encuesta enviada 2011/07/25 17:35:28 , al Usuario : 38296 Mail : ESTUDIOLELOIR@GMAIL.COM
* Encuesta enviada 2011/07/25 17:35:29 , al Usuario : 38318 Mail : ELGERMARIO@HOTMAIL.COM
* Encuesta enviada 2011/07/25 17:35:30 , al Usuario : 38351 Mail : GOBBOSEGUROS@ARNET.COM.AR
* Encuesta enviada 2011/07/25 17:35:31 , al Usuario : 38369 Mail : HOMELOPINTO@HOTMAIL.COM
* Encuesta enviada 2011/07/25 17:35:32 , al Usuario : 38393 Mail : RG.SEGUROS@SPEEDY.COM.AR
* Encuesta enviada 2011/07/25 17:35:33 , al Usuario : 38431 Mail : SRLAFUENTE@ARNET.COM.AR
* Encuesta enviada 2011/07/25 17:35:35 , al Usuario : 38440 Mail : FABIANCAVALIERE@SPEEDY.COM.AR
* Encuesta enviada 2011/07/25 17:35:36 , al Usuario : 38482 Mail : ABALSE@POWERVT.COM.AR
* Encuesta enviada 2011/07/25 17:35:38 , al Usuario : 38521 Mail : ORGANIZACION@ASESORESDESEGUROS.NET
* Encuesta enviada 2011/07/25 17:35:39 , al Usuario : 38555 Mail : FT_068@YAHOO.COM.AR
* Encuesta enviada 2011/07/25 17:35:40 , al Usuario : 38571 Mail : CARLOS_ORCIANI@HOTMAIL.COM
* Encuesta enviada 2011/07/25 17:35:41 , al Usuario : 38601 Mail : MYDSEGUROS@TELERED.COM.AR
* Encuesta enviada 2011/07/25 17:35:43 , al Usuario : 38610 Mail : BWCONTADORES@KEKO.COM.AR
* Encuesta enviada 2011/07/25 17:35:44 , al Usuario : 38636 Mail : SANVICENTESEGUROS@YAHOO.COM.AR
* Encuesta enviada 2011/07/25 17:35:45 , al Usuario : 38652 Mail : OFICINAGUTIERREZ@SPEEDY.COM.AR
* Encuesta enviada 2011/07/25 17:35:46 , al Usuario : 38661 Mail : ORGSTORANISEGUROS@HOTMAIL.COM
* Encuesta enviada 2011/07/25 17:35:47 , al Usuario : 38679 Mail : MANUELJSDELAFUENTE@HOTMAIL.COM
* Encuesta enviada 2011/07/25 17:35:48 , al Usuario : 38768 Mail : LIDERARSEGUROS@NECOCHEANET.COM.AR
* Encuesta enviada 2011/07/25 17:35:49 , al Usuario : 38822 Mail : INFOCAM@CENTROMORON.COM.AR
* Encuesta enviada 2011/07/25 17:35:51 , al Usuario : 38873 Mail : EMISION@UNIDADCOMERCIAL.COM.AR
* Encuesta enviada 2011/07/25 17:35:52 , al Usuario : 38911 Mail : NCARDENAS@SERVICOOPSA.COM.AR
* Encuesta enviada 2011/07/25 17:35:53 , al Usuario : 38920 Mail : ORGLESTANI@CIUDAD.COM.AR
* Encuesta enviada 2011/07/25 17:35:54 , al Usuario : 38938 Mail : JCARPIO@WAYCOM.COM.AR
* Encuesta enviada 2011/07/25 17:35:55 , al Usuario : 38946 Mail : CURUZUSEGUROS@HOTMAIL.COM
* Encuesta enviada 2011/07/25 17:35:57 , al Usuario : 38962 Mail : MONSEGUR@STSERVER.COM.AR
* Encuesta enviada 2011/07/25 17:35:58 , al Usuario : 38989 Mail : ASEGURAR@INTERCITY.NET.AR
* Encuesta enviada 2011/07/25 17:36:00 , al Usuario : 38997 Mail : MJRODRIGUEZ@GARINOYASOCIADOS.COM.AR
* Encuesta enviada 2011/07/25 17:36:01 , al Usuario : 39004 Mail : MPEREZSEGUROS@YAHOO.COM.AR
* Encuesta enviada 2011/07/25 17:36:02 , al Usuario : 39012 Mail : FOTALORA@ARNET.COM.AR
* Encuesta enviada 2011/07/25 17:36:04 , al Usuario : 39021 Mail : BROKERS@VSBSEGUROS.COM.AR
* Encuesta enviada 2011/07/25 17:36:05 , al Usuario : 39047 Mail : MMARTINEZ_SEGUROS@ARNET.COM.AR
* Encuesta enviada 2011/07/25 17:36:06 , al Usuario : 39055 Mail : RAQUELADRIANAGON@YAHOO.COM.AR
* Encuesta enviada 2011/07/25 17:36:07 , al Usuario : 39071 Mail : COMERCIAL@CARRASEGUROS.COM.AR
* Encuesta enviada 2011/07/25 17:36:08 , al Usuario : 39110 Mail : ALUCHINI@ALLIANCEARG.COM.AR
* Encuesta enviada 2011/07/25 17:36:09 , al Usuario : 39161 Mail : MMARTINEZ_ORAN@ARNET.COM.AR
* Encuesta enviada 2011/07/25 17:36:11 , al Usuario : 39179 Mail : GUSTAVOGARRIDO@AGRARIA-SA.COM.AR
* Encuesta enviada 2011/07/25 17:36:12 , al Usuario : 39195 Mail : CLAUDIA_DI_MARCO@YAHOO.COM.AR
* Encuesta enviada 2011/07/25 17:36:13 , al Usuario : 39209 Mail : ORALLOP@HOTMAIL.COM
* Encuesta enviada 2011/07/25 17:36:14 , al Usuario : 39217 Mail : LUCIOROMERO78@YAHOO.COM.AR
* Encuesta enviada 2011/07/25 17:36:15 , al Usuario : 39233 Mail : ORGSOTO@REDASESORES.COM.AR
* Encuesta enviada 2011/07/25 17:36:17 , al Usuario : 39250 Mail : INFO@PRODUCTORESSG.COM.AR
* Encuesta enviada 2011/07/25 17:36:18 , al Usuario : 39276 Mail : CONSUINT@TRCNET.COM.AR
* Encuesta enviada 2011/07/25 17:36:19 , al Usuario : 39284 Mail : MDS.ASALVIDIO@FIBERTEL.COM.AR
* Encuesta enviada 2011/07/25 17:36:20 , al Usuario : 39322 Mail : SANDCONT@YAHOO.COM.AR
* Encuesta enviada 2011/07/25 17:36:21 , al Usuario : 39331 Mail : GRUPO_SARMIENTO@CIUDAD.COM.AR
* Encuesta enviada 2011/07/25 17:36:22 , al Usuario : 39365 Mail : HORACITOQUERCIA@HOTMAIL.COM
* Encuesta enviada 2011/07/25 17:36:23 , al Usuario : 39373 Mail : BARNETCHESEGUROS@YAHOO.COM.AR
* Encuesta enviada 2011/07/25 17:36:26 , al Usuario : 39403 Mail : RICARDOATADIA@INTERNUEVE.COM.AR
* Encuesta enviada 2011/07/25 17:36:27 , al Usuario : 39462 Mail : DATAPIA@SPEEDY.COM.AR
* Encuesta enviada 2011/07/25 17:36:28 , al Usuario : 39471 Mail : AGENCIADESANJUAN@GMAIL.COM
* Encuesta enviada 2011/07/25 17:36:29 , al Usuario : 39489 Mail : SERGIODANELUZZI@AGRARIA-SA.COM.AR
* Encuesta enviada 2011/07/25 17:36:31 , al Usuario : 39497 Mail : COSTANTINI@TAU.ORG.AR
* Encuesta enviada 2011/07/25 17:36:32 , al Usuario : 39519 Mail : RICARDOF@COOPENET.COM.AR
* Encuesta enviada 2011/07/25 17:36:33 , al Usuario : 39527 Mail : ELGORRIAGANELLY@GOBBT.COM.AR
* Encuesta enviada 2011/07/25 17:36:34 , al Usuario : 39535 Mail : FRIASSEGUROS@GMAIL.COM
* Encuesta enviada 2011/07/25 17:36:35 , al Usuario : 39543 Mail : SALERNOSEGUROS@FIBERTEL.COM.AR
* Encuesta enviada 2011/07/25 17:36:37 , al Usuario : 39551 Mail : FPAPUCCI@FUTUROSA.COM.AR
* Encuesta enviada 2011/07/25 17:36:38 , al Usuario : 39641 Mail : ACULOT1@ARNETBIZ.COM.AR
* Encuesta enviada 2011/07/25 17:36:39 , al Usuario : 39659 Mail : FABRICIO_GUTIERREZ@HOTMAIL.COM
* Encuesta enviada 2011/07/25 17:36:40 , al Usuario : 39667 Mail : C.ROFRANO@PROASEG.COM.AR
* Encuesta enviada 2011/07/25 17:36:44 , al Usuario : 39691 Mail : DANTEFORMENTO@NETCOOP.COM
* Encuesta enviada 2011/07/25 17:36:45 , al Usuario : 39721 Mail : MGBSEGUROS@GMAIL.COM
* Encuesta enviada 2011/07/25 17:36:46 , al Usuario : 39730 Mail : CFPROASEG@SPEEDY.COM.AR
* Encuesta enviada 2011/07/25 17:36:47 , al Usuario : 39756 Mail : RSPROASEG@SPEEDY.COM.AR
* Encuesta enviada 2011/07/25 17:36:48 , al Usuario : 39764 Mail : FARAUTA@GMAIL.COM
(*2) Error En el Envio Mail. Usuario : 39781 , mail : MARIELAMARTIN@RUFINOCOOP.COM.AR, mensaje:  Invalid Addresses;
  nested exception is:
	class com.sun.mail.smtp.SMTPAddressFailedException: 451 DNS temporary failure (#4.5.1 - chkuser)

* Encuesta enviada 2011/07/25 17:37:21 , al Usuario : 39799 Mail : VORLANDO@EQUUSCONSULT.COM.AR
* Encuesta enviada 2011/07/25 17:37:22 , al Usuario : 39802 Mail : GRACIELAJUAREZ1@YAHOO.COM.AR
* Encuesta enviada 2011/07/25 17:37:23 , al Usuario : 39837 Mail : CARLOSABARTOLO@FIBERTEL.COM.AR
* Encuesta enviada 2011/07/25 17:37:24 , al Usuario : 39853 Mail : RODRIGO_PUERTOLAS@FIBERTEL.COM.AR
* Encuesta enviada 2011/07/25 17:37:25 , al Usuario : 39861 Mail : GIOVANELLAG@INTERNET-24.COM.AR
* Encuesta enviada 2011/07/25 17:37:26 , al Usuario : 39888 Mail : CPNMARCELOCATENA@FIBERCORP.COM.AR
* Encuesta enviada 2011/07/25 17:37:27 , al Usuario : 39926 Mail : RROFRANO@HOTMAIL.COM
* Encuesta enviada 2011/07/25 17:37:28 , al Usuario : 39934 Mail : MCPROASEG@YAHOO.COM.AR
* Encuesta enviada 2011/07/25 17:37:30 , al Usuario : 39942 Mail : RODOLFOMELELLA@HOTMAIL.COM
* Encuesta enviada 2011/07/25 17:37:31 , al Usuario : 39951 Mail : JCRUZVERA@HOTMAIL.COM
* Encuesta enviada 2011/07/25 17:37:32 , al Usuario : 39969 Mail : CHSERRAT@OPCIONESTELMEX.COM.AR
* Encuesta enviada 2011/07/25 17:37:33 , al Usuario : 39977 Mail : MORETTOYASOC@UOLSINECTIS.COM.AR
* Encuesta enviada 2011/07/25 17:37:34 , al Usuario : 39985 Mail : ELIDACASTELLARIN@HOTMAIL.COM
* Encuesta enviada 2011/07/25 17:37:36 , al Usuario : 39993 Mail : MMORONI@RMMORONI.COM.AR
* Encuesta enviada 2011/07/25 17:37:37 , al Usuario : 40070 Mail : INFORMES@PRAGNUS.COM.AR
* Encuesta enviada 2011/07/25 17:37:38 , al Usuario : 40088 Mail : AGONESE.PRODUCTOR@GMAIL.COM
* Encuesta enviada 2011/07/25 17:37:39 , al Usuario : 40096 Mail : SEGUROSIZETTA@CIUDAD.COM.AR
* Encuesta enviada 2011/07/25 17:37:40 , al Usuario : 40193 Mail : ULLASEGUROS@HOTMAIL.COM
* Encuesta enviada 2011/07/25 17:37:41 , al Usuario : 40207 Mail : BEATRIZ@COOPINT.COM.AR
* Encuesta enviada 2011/07/25 17:37:42 , al Usuario : 40215 Mail : AGSEGUROS@ARNET.COM.AR
* Encuesta enviada 2011/07/25 17:37:44 , al Usuario : 40223 Mail : ANDRES@BOHMASESORES.COM
* Encuesta enviada 2011/07/25 17:37:45 , al Usuario : 40231 Mail : GUILLERMO_CORTI@ARGBROKER.COM.AR
* Encuesta enviada 2011/07/25 17:37:46 , al Usuario : 40240 Mail : EZEQUIELMARINO@REDASESORES.COM.AR
* Encuesta enviada 2011/07/25 17:37:48 , al Usuario : 40274 Mail : ROMEROANIBAL@FIBERTEL.COM.AR
* Encuesta enviada 2011/07/25 17:37:49 , al Usuario : 40282 Mail : CORREASEGUROS@CIUDAD.COM.AR
* Encuesta enviada 2011/07/25 17:37:50 , al Usuario : 40291 Mail : ROXANATERSOL@HOTMAIL.COM
* Encuesta enviada 2011/07/25 17:37:51 , al Usuario : 40304 Mail : CANDIASEG@FIBERTEL.COM.AR
* Encuesta enviada 2011/07/25 17:37:52 , al Usuario : 40339 Mail : HIPOLITOSEGUROS@YAHOO.COM.AR
* Encuesta enviada 2011/07/25 17:37:53 , al Usuario : 40347 Mail : ANIDERJUNCOS@ARNET.COM.AR
* Encuesta enviada 2011/07/25 17:37:54 , al Usuario : 40363 Mail : CJCASELLA@CIUDAD.COM.AR
* Encuesta enviada 2011/07/25 17:37:56 , al Usuario : 40371 Mail : CASANOVA@ROMANSEGUROS.COM.AR
* Encuesta enviada 2011/07/25 17:37:57 , al Usuario : 40410 Mail : CANOSASEG@HOTMAIL.COM
* Encuesta enviada 2011/07/25 17:37:58 , al Usuario : 40428 Mail : SSILVA@NEWLEADERS.COM.AR
* Encuesta enviada 2011/07/25 17:37:59 , al Usuario : 40436 Mail : GRUPOMAGORNO@ARNET.COM.AR
* Encuesta enviada 2011/07/25 17:38:00 , al Usuario : 40444 Mail : INFO@RUBIO-SEGUROS.COM.AR
* Encuesta enviada 2011/07/25 17:38:01 , al Usuario : 40479 Mail : SEGEN@ARNET.COM.AR
* Encuesta enviada 2011/07/25 17:38:02 , al Usuario : 40487 Mail : GFUSI@GRUPOPANDOLFI.COM.AR
* Encuesta enviada 2011/07/25 17:38:03 , al Usuario : 40495 Mail : TRONCOSOSEGUROS@GMAIL.COM
* Encuesta enviada 2011/07/25 17:38:04 , al Usuario : 40517 Mail : ELGORRIAGAFRANCISCO@COOPSUR.COM.AR
* Encuesta enviada 2011/07/25 17:38:06 , al Usuario : 40525 Mail : ELGORRIAGANELLY@COOPSUR.COM.AR
* Encuesta enviada 2011/07/25 17:38:08 , al Usuario : 40533 Mail : HTARDELLA@COPCA.COM.AR
* Encuesta enviada 2011/07/25 17:38:09 , al Usuario : 40541 Mail : AGRIGANA@COOPSUR.COM.AR
* Encuesta enviada 2011/07/25 17:38:10 , al Usuario : 40550 Mail : MIRIANDIPOMPO@NODOSUD.COM.AR
* Encuesta enviada 2011/07/25 17:38:11 , al Usuario : 40606 Mail : ADORISIO@FIBERTEL.COM.AR
* Encuesta enviada 2011/07/25 17:38:13 , al Usuario : 40649 Mail : NICOLASMONTEDEOCA@SION.COM.AR
* Encuesta enviada 2011/07/25 17:38:14 , al Usuario : 40657 Mail : AIVA@MERCOBROCK.COM.AR
* Encuesta enviada 2011/07/25 17:38:15 , al Usuario : 40673 Mail : SEGUROSHYS@SPEEDY.COM.AR
* Encuesta enviada 2011/07/25 17:38:17 , al Usuario : 40703 Mail : MTPREVISIONAL@YAHOO.COM.AR
* Encuesta enviada 2011/07/25 17:38:18 , al Usuario : 40754 Mail : LISANDRO-MDQ@EXASEGUROS.COM.AR
* Encuesta enviada 2011/07/25 17:38:19 , al Usuario : 40762 Mail : FEDERALELGAUCHOMDQ@OPCIONESTELMEX.COM.AR
* Encuesta enviada 2011/07/25 17:38:20 , al Usuario : 40771 Mail : RAULABDO_SEGUROS@HOTMAIL.COM
* Encuesta enviada 2011/07/25 17:38:21 , al Usuario : 40819 Mail : SDECURNEX@ALPESBROKER.COM.AR
* Encuesta enviada 2011/07/25 17:38:22 , al Usuario : 40827 Mail : BLEDSEGUROS@YAHOO.COM.AR
* Encuesta enviada 2011/07/25 17:38:23 , al Usuario : 40843 Mail : GUILLERMOPENAS@GMAIL.COM
* Encuesta enviada 2011/07/25 17:38:26 , al Usuario : 40860 Mail : MDUARTE@BERAZATEGUI.COM.AR
* Encuesta enviada 2011/07/25 17:38:27 , al Usuario : 40878 Mail : CDINORANA@CIUDAD.COM.AR
* Encuesta enviada 2011/07/25 17:38:28 , al Usuario : 40916 Mail : ANFOSSO@ARNET.COM.AR
* Encuesta enviada 2011/07/25 17:38:29 , al Usuario : 40924 Mail : SEGUROSPEREYRA44@YAHOO.COM.AR
* Encuesta enviada 2011/07/25 17:38:30 , al Usuario : 40967 Mail : INFO@BAITER.COM.AR
* Encuesta enviada 2011/07/25 17:38:31 , al Usuario : 40975 Mail : SERGIOEDG@YAHOO.COM
* Encuesta enviada 2011/07/25 17:38:32 , al Usuario : 40991 Mail : GPITYLA@YAHOO.COM.AR
* Encuesta enviada 2011/07/25 17:38:33 , al Usuario : 41025 Mail : SERGIO.CAPUTO@ORGANIZACIONBA.COM.AR
* Encuesta enviada 2011/07/25 17:38:34 , al Usuario : 41033 Mail : CELESTELOCONTE@INTERCITY.NET.AR
* Encuesta enviada 2011/07/25 17:38:36 , al Usuario : 41041 Mail : PARCOSTANZO@ARNET.COM.AR
* Encuesta enviada 2011/07/25 17:38:37 , al Usuario : 41050 Mail : PORTASEGUROS@ITC.COM.AR
* Encuesta enviada 2011/07/25 17:38:38 , al Usuario : 41068 Mail : OASANCHEZ@ARNET.COM.AR
* Encuesta enviada 2011/07/25 17:38:39 , al Usuario : 41076 Mail : SCINICAMARIAANGELI@SPEEDY.COM.AR
* Encuesta enviada 2011/07/25 17:38:40 , al Usuario : 41084 Mail : MGASTONGONZALEZ@YAHOO.COM.AR
* Encuesta enviada 2011/07/25 17:38:41 , al Usuario : 41092 Mail : LEONARDOGUIDA@LIVE.COM.AR
* Encuesta enviada 2011/07/25 17:38:42 , al Usuario : 41122 Mail : LUIS_REGGI@FIBERTEL.COM.AR
* Encuesta enviada 2011/07/25 17:38:43 , al Usuario : 41131 Mail : ALCAZARCARRICA_SEGUROS@YAHOO.COM.AR
* Encuesta enviada 2011/07/25 17:38:45 , al Usuario : 41246 Mail : JOSEEGUTIERREZ@GUTIERREZSEGUROS.COM.AR
* Encuesta enviada 2011/07/25 17:38:46 , al Usuario : 41297 Mail : HUGODDIAZ@FIBERTEL.COM.AR
* Encuesta enviada 2011/07/25 17:38:47 , al Usuario : 41319 Mail : EMIRBRUSA@ARNET.COM.AR
* Encuesta enviada 2011/07/25 17:38:48 , al Usuario : 41327 Mail : PASEGUROS@ARNET.COM.AR
* Encuesta enviada 2011/07/25 17:38:49 , al Usuario : 41335 Mail : DPASSALENTI@HOTMAIL.COM
* Encuesta enviada 2011/07/25 17:38:50 , al Usuario : 41378 Mail : GAC-SEGUROS@HOTMAIL.COM
* Encuesta enviada 2011/07/25 17:38:51 , al Usuario : 41408 Mail : ESTUDIOPARODI@SPEEDY.COM.AR
* Encuesta enviada 2011/07/25 17:38:52 , al Usuario : 41416 Mail : MARTINELORDI@ELORDI.COM.AR
* Encuesta enviada 2011/07/25 17:38:53 , al Usuario : 41424 Mail : MORAG@SPEEDY.COM.AR
* Encuesta enviada 2011/07/25 17:38:54 , al Usuario : 41432 Mail : ESTUDIOINTEGRAL@SION.COM.AR
* Encuesta enviada 2011/07/25 17:38:56 , al Usuario : 41441 Mail : ALICIAALBASCOKIN8@GMAIL.COM
* Encuesta enviada 2011/07/25 17:38:57 , al Usuario : 41467 Mail : HEREDIAJORGE91@YAHOO.COM.AR
* Encuesta enviada 2011/07/25 17:38:58 , al Usuario : 41475 Mail : PRODUCTOR62728@YAHOO.COM.AR
* Encuesta enviada 2011/07/25 17:38:59 , al Usuario : 41491 Mail : LEOVENTIMIGLIA@GMAIL.COM
* Encuesta enviada 2011/07/25 17:39:00 , al Usuario : 41505 Mail : JMETORTEGUI@HOTMAIL.COM
* Encuesta enviada 2011/07/25 17:39:01 , al Usuario : 41556 Mail : BONZANOSEG@ARNET.COM.AR
* Encuesta enviada 2011/07/25 17:39:02 , al Usuario : 41564 Mail : SEGUROSLUMBRERAS@SPEEDY.COM.AR
* Encuesta enviada 2011/07/25 17:39:03 , al Usuario : 41581 Mail : FALCIOLA-SEGUROS@ARNETBIZ.COM.AR
* Encuesta enviada 2011/07/25 17:39:04 , al Usuario : 41599 Mail : PATRICIABRAVO96@YAHOO.COM.AR
* Encuesta enviada 2011/07/25 17:39:07 , al Usuario : 41602 Mail : SEBA@LOG.COM.AR
* Encuesta enviada 2011/07/25 17:39:08 , al Usuario : 41611 Mail : IJM@RAFAELASEGUROS.COM.AR
* Encuesta enviada 2011/07/25 17:39:09 , al Usuario : 41629 Mail : JULIOCALOTO@GMAIL.COM
* Encuesta enviada 2011/07/25 17:39:10 , al Usuario : 41637 Mail : AMBALCAZA@FIBERTEL.COM.AR
* Encuesta enviada 2011/07/25 17:39:13 , al Usuario : 41645 Mail : SUSANA@FIDELGONZALEZ.COM.AR
* Encuesta enviada 2011/07/25 17:39:14 , al Usuario : 41688 Mail : SILGRI1@ARNET.COM.AR
* Encuesta enviada 2011/07/25 17:39:15 , al Usuario : 41700 Mail : MARIANO.MARCUCCI@PROMECORSA.COM.AR
* Encuesta enviada 2011/07/25 17:39:17 , al Usuario : 41726 Mail : JRLLADO@FULLZERO.COM.AR
* Encuesta enviada 2011/07/25 17:39:18 , al Usuario : 41734 Mail : WALTER__DIAZ@HOTMAIL.COM
* Encuesta enviada 2011/07/25 17:39:19 , al Usuario : 41742 Mail : JVAZQUEZ@COOPMONTE.COM.AR
* Encuesta enviada 2011/07/25 17:39:20 , al Usuario : 41751 Mail : GRACIELA.JPYASOC@GMAIL.COM
* Encuesta enviada 2011/07/25 17:39:21 , al Usuario : 41769 Mail : LILIA.JPYASOC@GMAIL.COM
* Encuesta enviada 2011/07/25 17:39:22 , al Usuario : 41785 Mail : SEGUROSDIAGONAL@YAHOO.COM.AR
* Encuesta enviada 2011/07/25 17:39:23 , al Usuario : 41793 Mail : SANCHEZASOC@HOTMAIL.COM
* Encuesta enviada 2011/07/25 17:39:25 , al Usuario : 41815 Mail : PUERTOSEGURO@SPEEDY.COM.AR
* Encuesta enviada 2011/07/25 17:39:26 , al Usuario : 41831 Mail : GERARDODS@ARNET.COM.AR
* Encuesta enviada 2011/07/25 17:39:27 , al Usuario : 41840 Mail : DARIOGIULIONI@GIGARED.COM
* Encuesta enviada 2011/07/25 17:39:28 , al Usuario : 41858 Mail : GABRIELEREYNOSO@HOTMAIL.COM
* Encuesta enviada 2011/07/25 17:39:29 , al Usuario : 41866 Mail : JRUBANO@SEGUROSMAIPU.COM.AR
* Encuesta enviada 2011/07/25 17:39:30 , al Usuario : 41874 Mail : MARISA@ROMASANTAYASOCIADOS.COM.AR
* Encuesta enviada 2011/07/25 17:39:31 , al Usuario : 41891 Mail : SEGUROSGAONA@ARNET.COM.AR
* Encuesta enviada 2011/07/25 17:39:33 , al Usuario : 41904 Mail : VERONICALAGUZZI@HOTMAIL.COM
* Encuesta enviada 2011/07/25 17:39:34 , al Usuario : 41921 Mail : AA_MACHADO@HOTMAIL.COM
* Encuesta enviada 2011/07/25 17:39:35 , al Usuario : 41939 Mail : CADRADOS@S10.COOPENET.COM.AR
* Encuesta enviada 2011/07/25 17:39:36 , al Usuario : 41947 Mail : L.ALEJANDROVIVASSEG@YAHOO.COM.AR
* Encuesta enviada 2011/07/25 17:39:37 , al Usuario : 41955 Mail : HOCSEGUROS@ARNET.COM.AR
* Encuesta enviada 2011/07/25 17:39:38 , al Usuario : 41963 Mail : FJMARCOS@ARNET.COM.AR
* Encuesta enviada 2011/07/25 17:39:39 , al Usuario : 41998 Mail : ROBERTOILLA@GMAIL.COM
* Encuesta enviada 2011/07/25 17:39:40 , al Usuario : 42005 Mail : EDCCABALLERO@HOTMAIL.COM
* Encuesta enviada 2011/07/25 17:39:41 , al Usuario : 42013 Mail : MARCELOCIOTTA@HOTMAIL.COM
* Encuesta enviada 2011/07/25 17:39:42 , al Usuario : 42021 Mail : JUANJOSESABER@SPEEDY.COM.AR
* Encuesta enviada 2011/07/25 17:39:44 , al Usuario : 42030 Mail : FMARINHO@MOABRE.COM.AR
* Encuesta enviada 2011/07/25 17:39:45 , al Usuario : 42048 Mail : ROCCA_HM1@HOTMAIL.COM
* Encuesta enviada 2011/07/25 17:39:46 , al Usuario : 42081 Mail : GRASESORES@CPENET.COM.AR
* Encuesta enviada 2011/07/25 17:39:47 , al Usuario : 42099 Mail : PABLOCHAVEZ@ELORDI.COM.AR
* Encuesta enviada 2011/07/25 17:39:48 , al Usuario : 42102 Mail : MARYBABINO@UOLSINECTIS.COM.AR
* Encuesta enviada 2011/07/25 17:39:49 , al Usuario : 42111 Mail : SERVIDIASN@OPCIONESTELMEX.COM.AR
* Encuesta enviada 2011/07/25 17:39:50 , al Usuario : 42137 Mail : FABIANALYUNDI@FIBERTEL.COM.AR
* Encuesta enviada 2011/07/25 17:39:52 , al Usuario : 42145 Mail : ROR.SEGUROS@GMAIL.COM
* Encuesta enviada 2011/07/25 17:39:53 , al Usuario : 42161 Mail : RICARDOARESE@HOTMAIL.COM
* Encuesta enviada 2011/07/25 17:39:54 , al Usuario : 42170 Mail : JR_COORDINADORJUJ@HOTMAIL.COM
* Encuesta enviada 2011/07/25 17:39:55 , al Usuario : 42188 Mail : 1CA.68@HOTMAIL.COM
* Encuesta enviada 2011/07/25 17:39:56 , al Usuario : 42196 Mail : SERGIOMOLINA63650@HOTMAIL.COM
* Encuesta enviada 2011/07/25 17:39:58 , al Usuario : 42200 Mail : LAVAISSE2002@YAHOO.COM.AR
* Encuesta enviada 2011/07/25 17:39:59 , al Usuario : 42218 Mail : GAGARCIASEGUROS@CIUDAD.COM.AR
* Encuesta enviada 2011/07/25 17:40:00 , al Usuario : 42242 Mail : DANIELCELSER@GIGARED.COM
* Encuesta enviada 2011/07/25 17:40:01 , al Usuario : 42251 Mail : GUILLERMOLAG@GMAIL.COM
* Encuesta enviada 2011/07/25 17:40:02 , al Usuario : 42269 Mail : ORGLASPINA@YAHOO.COM.AR
* Encuesta enviada 2011/07/25 17:40:03 , al Usuario : 42285 Mail : PABLO_DEGUEMES@HOTMAIL.COM
* Encuesta enviada 2011/07/25 17:40:04 , al Usuario : 42293 Mail : RJLASESEG@GMAIL.COM
* Encuesta enviada 2011/07/25 17:40:06 , al Usuario : 42307 Mail : FERNANDOGENTILE@WILNET.COM.AR
* Encuesta enviada 2011/07/25 17:40:08 , al Usuario : 42315 Mail : FROSEMBERG@AVAL.COM.AR
* Encuesta enviada 2011/07/25 17:40:09 , al Usuario : 42323 Mail : JPINAMONTI@FIBERTEL.COM.AR
* Encuesta enviada 2011/07/25 17:40:11 , al Usuario : 42331 Mail : MRF478@YAHOO.COM.AR
* Encuesta enviada 2011/07/25 17:40:12 , al Usuario : 42340 Mail : NESTOR_MENDEZ@PROMUT.COM.AR
* Encuesta enviada 2011/07/25 17:40:13 , al Usuario : 42358 Mail : MIGUELTOMBETTA@YAHOO.COM.AR
* Encuesta enviada 2011/07/25 17:40:14 , al Usuario : 42366 Mail : MBPANI@YAHOO.COM
* Encuesta enviada 2011/07/25 17:40:21 , al Usuario : 42374 Mail : OSOMENDI@HOTMAL.COM
* Encuesta enviada 2011/07/25 17:40:22 , al Usuario : 42391 Mail : SEGOMAR@GMAIL.COM
* Encuesta enviada 2011/07/25 17:40:23 , al Usuario : 42404 Mail : DIPAOLOSEGUROS@GMAIL.COM.AR
* Encuesta enviada 2011/07/25 17:40:24 , al Usuario : 42412 Mail : CORREA-MARTA@HOTMAIL.COM
* Encuesta enviada 2011/07/25 17:40:26 , al Usuario : 42421 Mail : BIROLO@GAMMANET.COM.AR
* Encuesta enviada 2011/07/25 17:40:27 , al Usuario : 42439 Mail : AFEDERAL_VIVIANAVELARDE@YAHOO.COM.AR
* Encuesta enviada 2011/07/25 17:40:28 , al Usuario : 42463 Mail : LYCSEGUROS@GMAIL.COM
* Encuesta enviada 2011/07/25 17:40:29 , al Usuario : 42480 Mail : DANIELLAFUENTE@FIBERTEL.COM.AR
* Encuesta enviada 2011/07/25 17:40:31 , al Usuario : 42498 Mail : INMUEBLESPATRICIA@ARNET.COM.AR
* Encuesta enviada 2011/07/25 17:40:32 , al Usuario : 42501 Mail : ADRIANA.VERINO@GMAIL.COM
* Encuesta enviada 2011/07/25 17:40:33 , al Usuario : 42510 Mail : MARIOGOMEZSEG@HOTMAIL.COM
* Encuesta enviada 2011/07/25 17:40:34 , al Usuario : 42528 Mail : LUISPRADO@VOYAGER.COM.AR
* Encuesta enviada 2011/07/25 17:40:35 , al Usuario : 42587 Mail : SEGUROSJANET@FIBERTEL.COM.AR
* Encuesta enviada 2011/07/25 17:40:36 , al Usuario : 42595 Mail : RASNEA@GIGARED.COM
* Encuesta enviada 2011/07/25 17:40:37 , al Usuario : 42609 Mail : LEMPRODUCTOR@HOTMAIL.COM
* Encuesta enviada 2011/07/25 17:40:40 , al Usuario : 42617 Mail : SEBASTIAN@ORGANIZACIONPANASCI.COM.AR
* Encuesta enviada 2011/07/25 17:40:42 , al Usuario : 42625 Mail : PRADA07@SPEEDY.COM.AR
* Encuesta enviada 2011/07/25 17:40:43 , al Usuario : 42633 Mail : SA_SEGUROS@YAHOO.COM.AR
* Encuesta enviada 2011/07/25 17:40:44 , al Usuario : 42641 Mail : MIGUEZSEGUROS@GMAIL.COM
* Encuesta enviada 2011/07/25 17:40:45 , al Usuario : 42650 Mail : MLAURAVILA@HOTMAIL.COM
* Encuesta enviada 2011/07/25 17:40:46 , al Usuario : 42668 Mail : JBOISMENE@CMSEGUROS.COM.AR
* Encuesta enviada 2011/07/25 17:40:47 , al Usuario : 42684 Mail : GISELAFERRERI@GMAIL.COM
* Encuesta enviada 2011/07/25 17:40:49 , al Usuario : 42692 Mail : PA_BETTOLI@SPEEDY.COM.AR
* Encuesta enviada 2011/07/25 17:40:50 , al Usuario : 42714 Mail : CNLJUAREZ@HOTMAIL.COM
* Encuesta enviada 2011/07/25 17:40:51 , al Usuario : 42757 Mail : ENRIPE@CIUDAD.COM.AR
* Encuesta enviada 2011/07/25 17:40:52 , al Usuario : 42773 Mail : AYDASESORES@SPEEDY.COM.AR
* Encuesta enviada 2011/07/25 17:40:53 , al Usuario : 42790 Mail : MARIOCALVELLA@GMAIL.COM
* Encuesta enviada 2011/07/25 17:40:54 , al Usuario : 42803 Mail : ALBERTOBESERRA@YAHOO.COM.AR
* Encuesta enviada 2011/07/25 17:40:55 , al Usuario : 42811 Mail : CHAPOFABIAN@GIGARED.COM
* Encuesta enviada 2011/07/25 17:40:56 , al Usuario : 42820 Mail : RGASESORESCOMERCIALES@GMAIL.COM
* Encuesta enviada 2011/07/25 17:40:57 , al Usuario : 42889 Mail : RAULBALATTI@CHIVILNET.COM
* Encuesta enviada 2011/07/25 17:40:59 , al Usuario : 42897 Mail : ASSEGUROS@ASSEGUROS.COM.AR
* Encuesta enviada 2011/07/25 17:41:00 , al Usuario : 42901 Mail : BASSANOGALGUERA@GMAIL.COM
* Encuesta enviada 2011/07/25 17:41:01 , al Usuario : 42927 Mail : JORGE10RUBEN@HOTMAIL.COM
* Encuesta enviada 2011/07/25 17:41:03 , al Usuario : 42943 Mail : MDALEL2008@HOTMAIL.COM
* Encuesta enviada 2011/07/25 17:41:04 , al Usuario : 42978 Mail : LABIUNDA@AOL.COM
* Encuesta enviada 2011/07/25 17:41:05 , al Usuario : 42986 Mail : PERAGALOL@CIUDAD.COM.AR
* Encuesta enviada 2011/07/25 17:41:06 , al Usuario : 42994 Mail : PABLO.VENTRE@GMAIL.COM
* Encuesta enviada 2011/07/25 17:41:07 , al Usuario : 43028 Mail : SEGURAJUANCARLOS@SPEEDY.COM.AR
* Encuesta enviada 2011/07/25 17:41:09 , al Usuario : 43044 Mail : CARLOSTAMBUSSI@FIBERTEL.COM.AR
* Encuesta enviada 2011/07/25 17:41:10 , al Usuario : 43079 Mail : LUCEROSEGUROS@SPEEDY.COM.AR
* Encuesta enviada 2011/07/25 17:41:11 , al Usuario : 43133 Mail : AC_RAMALLO@HOTMAIL.COM
* Encuesta enviada 2011/07/25 17:41:12 , al Usuario : 43141 Mail : ROSSANASAPPIA@HOTMAIL.COM
* Encuesta enviada 2011/07/25 17:41:13 , al Usuario : 43176 Mail : CLAUDIA@CARLOSCORRAL.COM.AR
* Encuesta enviada 2011/07/25 17:41:14 , al Usuario : 43192 Mail : CALFREDOCORDOBA@HOTMAIL.COM
* Encuesta enviada 2011/07/25 17:41:15 , al Usuario : 43249 Mail : FA.LACASSAGNE@HOTMAIL.COM
* Encuesta enviada 2011/07/25 17:41:16 , al Usuario : 43257 Mail : EVACS@VACS-SEGUROS.COM.AR
* Encuesta enviada 2011/07/25 17:41:18 , al Usuario : 43265 Mail : MARIELACACERES@YAHOO.COM.AR
* Encuesta enviada 2011/07/25 17:41:19 , al Usuario : 43273 Mail : ALTERNATIVA@ALTERNATIVASEGUROS.COM.AR
* Encuesta enviada 2011/07/25 17:41:21 , al Usuario : 43290 Mail : SEGUROS@BAGDASARIAN.COM.AR
* Encuesta enviada 2011/07/25 17:41:22 , al Usuario : 43311 Mail : VILLALOBOSSEGUROS@SPEEDY.COM.AR
* Encuesta enviada 2011/07/25 17:41:23 , al Usuario : 43320 Mail : SEGUROSRG@INFOVIA.COM.AR
* Encuesta enviada 2011/07/25 17:41:24 , al Usuario : 43338 Mail : MARCEL1@SPEEDY.COM.AR
* Encuesta enviada 2011/07/25 17:41:25 , al Usuario : 43346 Mail : ALPROPIEDADES.SEGUROS@GMAIL.COM
* Encuesta enviada 2011/07/25 17:41:27 , al Usuario : 43362 Mail : GRODRIGUEZ@ARCONSULTORA.COM
* Encuesta enviada 2011/07/25 17:41:28 , al Usuario : 43397 Mail : GARODRIGUEZ@ARCONSULTORA.COM
* Encuesta enviada 2011/07/25 17:41:29 , al Usuario : 43427 Mail : GUARDIAH@HOTMAIL.COM
* Encuesta enviada 2011/07/25 17:41:30 , al Usuario : 43435 Mail : ELEAUFRANC@HOTMAIL.COM
* Encuesta enviada 2011/07/25 17:41:32 , al Usuario : 43443 Mail : INFO@MASBROKERS.COM.AR
* Encuesta enviada 2011/07/25 17:41:33 , al Usuario : 43478 Mail : ALICIA_SEG@HOTMAIL.COM
* Encuesta enviada 2011/07/25 17:41:34 , al Usuario : 43486 Mail : MARCELOTELLO@INFOVIA.COM.AR
* Encuesta enviada 2011/07/25 17:41:35 , al Usuario : 43508 Mail : EDUANTU@YAHOO.COM.AR
* Encuesta enviada 2011/07/25 17:41:36 , al Usuario : 43524 Mail : EFEYEFESEGUROS@YAHOO.COM.AR
* Encuesta enviada 2011/07/25 17:41:37 , al Usuario : 43532 Mail : MARCELOMACCHI01@HOTMAIL.COM
* Encuesta enviada 2011/07/25 17:41:38 , al Usuario : 43541 Mail : IRENESEG@FIBERTEL.COM.AR
* Encuesta enviada 2011/07/25 17:41:40 , al Usuario : 43559 Mail : SEGUROSCABRAL@YAHOO.COM.AR
* Encuesta enviada 2011/07/25 17:41:41 , al Usuario : 43575 Mail : HORACIOPARDO@YAHOO.COM.AR
* Encuesta enviada 2011/07/25 17:41:42 , al Usuario : 43605 Mail : JULIORYMAR@HOTMAIL.COM
* Encuesta enviada 2011/07/25 17:41:43 , al Usuario : 43621 Mail : GUIDOAGUIRRE@MSN.COM
* Encuesta enviada 2011/07/25 17:41:46 , al Usuario : 43648 Mail : RBLANCO@ESTUDIO-BLANCO.COM.AR
* Encuesta enviada 2011/07/25 17:41:47 , al Usuario : 43672 Mail : AMAYAJOSEHORACIO@YAHOO.COM.AR
* Encuesta enviada 2011/07/25 17:41:56 , al Usuario : 43681 Mail : AGIAQUINTA@ALBERDISEGUROS.COM
* Encuesta enviada 2011/07/25 17:41:57 , al Usuario : 43702 Mail : SEBASTIANMELO@SPEEDY.COM.AR
* Encuesta enviada 2011/07/25 17:41:58 , al Usuario : 43711 Mail : ESTUDIO_ALEJANDROGUTIERREZ@HOTMAIL.COM
* Encuesta enviada 2011/07/25 17:41:59 , al Usuario : 43737 Mail : EDFERNANDEZ24@YAHOO.COM.AR
* Encuesta enviada 2011/07/25 17:42:00 , al Usuario : 43745 Mail : SILVINATELLECHEA2010@HOTMAIL.COM
* Encuesta enviada 2011/07/25 17:42:01 , al Usuario : 43788 Mail : LUISPOPOVICH@HOTMAIL.COM
* Encuesta enviada 2011/07/25 17:42:02 , al Usuario : 43796 Mail : ROBERTAGUAZZOLINI@YAHOO.COM.AR
* Encuesta enviada 2011/07/25 17:42:03 , al Usuario : 43800 Mail : SCOTTIMSEGUROS@YAHOO.COM.AR
* Encuesta enviada 2011/07/25 17:42:04 , al Usuario : 43826 Mail : MAURICIO.MANZOR@SPEEDY.COM.AR
* Encuesta enviada 2011/07/25 17:42:05 , al Usuario : 43834 Mail : SEGUROSLORENA@HOTMAIL.COM
* Encuesta enviada 2011/07/25 17:42:06 , al Usuario : 43869 Mail : ORGANIZACIONLOPEZ@GMAIL.COM
* Encuesta enviada 2011/07/25 17:42:08 , al Usuario : 43877 Mail : AGUSTINFERNANDO@ARGENTINA.COM
* Encuesta enviada 2011/07/25 17:42:09 , al Usuario : 43885 Mail : VRBSEGUROS1@HOTMAIL.COM
* Encuesta enviada 2011/07/25 17:42:10 , al Usuario : 43893 Mail : RMBAZET@TOWER.COM.AR
* Encuesta enviada 2011/07/25 17:42:11 , al Usuario : 43907 Mail : VCSEGUROS@HOTMAIL.COM
* Encuesta enviada 2011/07/25 17:42:12 , al Usuario : 43923 Mail : SOLSEGUROSLAMAS@TELPIN.COM.AR
* Encuesta enviada 2011/07/25 17:42:13 , al Usuario : 43931 Mail : LIDERAR-PILAR@DATAMARKETS.COM.AR
* Encuesta enviada 2011/07/25 17:42:15 , al Usuario : 43940 Mail : HECTORMARTINEZ27@YAHOO.COM.AR
* Encuesta enviada 2011/07/25 17:42:16 , al Usuario : 43958 Mail : FLORENTINA.ROTH@HOTMAIL.COM
* Encuesta enviada 2011/07/25 17:42:17 , al Usuario : 43982 Mail : RUSSOCF@YAHOO.COM.AR
* Encuesta enviada 2011/07/25 17:42:18 , al Usuario : 43991 Mail : MONICAT.LUCERO@YAHOO.COM.AR
* Encuesta enviada 2011/07/25 17:42:19 , al Usuario : 44008 Mail : LUCIANO_VAENA@HOTMAIL.COM
* Encuesta enviada 2011/07/25 17:42:20 , al Usuario : 44016 Mail : SRLJUJUY@HOTMAIL.COM
* Encuesta enviada 2011/07/25 17:42:21 , al Usuario : 44024 Mail : ORGSEGUROSHERAS_MARTIN@YAHOO.COM.AR
* Encuesta enviada 2011/07/25 17:42:22 , al Usuario : 44041 Mail : JULIONONI@GRUPOALEM.COM.AR
* Encuesta enviada 2011/07/25 17:42:24 , al Usuario : 44059 Mail : ALBERTODELCURASEGUROS@HOTMAIL.COM
* Encuesta enviada 2011/07/25 17:42:25 , al Usuario : 44067 Mail : VERONICA@GRUPOCIAR.COM.AR
* Encuesta enviada 2011/07/25 17:42:26 , al Usuario : 44075 Mail : EMUCARCELSEGUROS@HOTMAIL.COM
* Encuesta enviada 2011/07/25 17:42:27 , al Usuario : 44083 Mail : LUCIANO_NIEVAS@HOTMAIL.COM
* Encuesta enviada 2011/07/25 17:42:28 , al Usuario : 44091 Mail : ORGANIZACIONGEO@YAHOO.COM.AR
* Encuesta enviada 2011/07/25 17:42:30 , al Usuario : 44105 Mail : MARTIRENA@SPEEDY.COM.AR
* Encuesta enviada 2011/07/25 17:42:31 , al Usuario : 44121 Mail : EDUARDOZORZINI@HOTMAIL.COM
* Encuesta enviada 2011/07/25 17:42:32 , al Usuario : 44130 Mail : SEGUROSVEIGA@YAHOO.COM.AR
* Encuesta enviada 2011/07/25 17:42:33 , al Usuario : 44156 Mail : CARINASANTAS@TRIVIUMSEGUROS.COM.AR
* Encuesta enviada 2011/07/25 17:42:34 , al Usuario : 44164 Mail : MAGNI2121@FIBERTEL.COM.AR
* Encuesta enviada 2011/07/25 17:42:35 , al Usuario : 44172 Mail : GRUSTEIN@YAHOO.COM.AR
* Encuesta enviada 2011/07/25 17:42:36 , al Usuario : 44181 Mail : NESTORPIANELLI@YAHOO.COM.AR
* Encuesta enviada 2011/07/25 17:42:37 , al Usuario : 44199 Mail : LAPUENTENICOLAS@HOTMAIL.COM
* Encuesta enviada 2011/07/25 17:42:39 , al Usuario : 44202 Mail : SEGUROSLIOTARDARPAJOU@GMAIL.COM
* Encuesta enviada 2011/07/25 17:42:40 , al Usuario : 44211 Mail : JSILVERO@COTECAL.NET.AR
* Encuesta enviada 2011/07/25 17:42:41 , al Usuario : 44237 Mail : JAMARQUESTAUT@HOTMAIL.COM
* Encuesta enviada 2011/07/25 17:42:42 , al Usuario : 44245 Mail : MARU_CARHUE@HOTMAIL.COM
* Encuesta enviada 2011/07/25 17:42:43 , al Usuario : 44253 Mail : ALBERTO_MARTINEZ@SPEEDY.COM.AR
* Encuesta enviada 2011/07/25 17:42:45 , al Usuario : 44261 Mail : GPELLEGRINI@FSEGUROS.COM.AR
* Encuesta enviada 2011/07/25 17:42:46 , al Usuario : 44270 Mail : DARIO_G63@YAHOO.COM.AR
* Encuesta enviada 2011/07/25 17:42:47 , al Usuario : 44300 Mail : ALEJANDROCASO@HOTMAIL.COM
* Encuesta enviada 2011/07/25 17:42:48 , al Usuario : 44318 Mail : SBAGLIONI@ASECOR.COM.AR
* Encuesta enviada 2011/07/25 17:42:49 , al Usuario : 44342 Mail : LACASADELSEGURO@SPEEDY.COM.AR
* Encuesta enviada 2011/07/25 17:42:51 , al Usuario : 44369 Mail : RNSEGUROS@SPEEDY.COM.AR
* Encuesta enviada 2011/07/25 17:42:52 , al Usuario : 44415 Mail : HERBASARIEL@HOTMAIL.COM
* Encuesta enviada 2011/07/25 17:42:53 , al Usuario : 44423 Mail : DOMALBERTO@COOPMONTE.COM.AR
* Encuesta enviada 2011/07/25 17:42:54 , al Usuario : 44431 Mail : LUCASGOMEZ904@GMAIL.COM
* Encuesta enviada 2011/07/25 17:42:55 , al Usuario : 44474 Mail : ENZOSEGUROS@ARNET.COM.AR
* Encuesta enviada 2011/07/25 17:42:57 , al Usuario : 44482 Mail : NESTOR@SCARAMUZZI.COM.AR
* Encuesta enviada 2011/07/25 17:42:59 , al Usuario : 44491 Mail : FVINCENZINI@NODOSUD.COM.AR
* Encuesta enviada 2011/07/25 17:43:00 , al Usuario : 44504 Mail : ESCUDEROYLEO@GMAIL.COM
* Encuesta enviada 2011/07/25 17:43:01 , al Usuario : 44521 Mail : VERA-SEGUROS@ARNET.COM.AR
* Encuesta enviada 2011/07/25 17:43:02 , al Usuario : 44709 Mail : RCHAIKUS@YAHOO.COM.AR
* Encuesta enviada 2011/07/25 17:43:03 , al Usuario : 44717 Mail : MYRIAMADM@YAHOO.COM.AR
* Encuesta enviada 2011/07/25 17:43:04 , al Usuario : 44725 Mail : FGIALLONARDO@HOTMAIL.COM
* Encuesta enviada 2011/07/25 17:43:05 , al Usuario : 44741 Mail : SEGUROSDIAZ-SOTELO@HOTMAIL.COM
* Encuesta enviada 2011/07/25 17:43:06 , al Usuario : 44776 Mail : SILVIA.B.LOCATELLI@HOTMAIL.COM.AR
* Encuesta enviada 2011/07/25 17:43:07 , al Usuario : 44784 Mail : YANINA.RODRIGUEZ@ESTUDIOZALAZAR.COM.AR
* Encuesta enviada 2011/07/25 17:43:09 , al Usuario : 44792 Mail : SEGCUNIBERTI@GMAIL.COM
* Encuesta enviada 2011/07/25 17:43:10 , al Usuario : 44806 Mail : ALDANA@MALARA.BIZ
* Encuesta enviada 2011/07/25 17:43:12 , al Usuario : 44857 Mail : EDUARDOSIMONE@ALEMPAS.COM.AR
* Encuesta enviada 2011/07/25 17:43:13 , al Usuario : 44865 Mail : CLAUDIOSEGUROS@ARNET.COM.AR
* Encuesta enviada 2011/07/25 17:43:14 , al Usuario : 44873 Mail : PRUSSEGURO@TOWER.COM.AR
* Encuesta enviada 2011/07/25 17:43:15 , al Usuario : 44881 Mail : FEJOMA@HOTMAIL.COM
* Encuesta enviada 2011/07/25 17:43:16 , al Usuario : 44890 Mail : RICCASEGUROS@YAHOO.COM.AR
* Encuesta enviada 2011/07/25 17:43:17 , al Usuario : 44903 Mail : RIOSBIBIANA@YAHOO.COM.AR
* Encuesta enviada 2011/07/25 17:43:18 , al Usuario : 44911 Mail : LUISBOZZONI@YAHOO.COM.AR
* Encuesta enviada 2011/07/25 17:43:19 , al Usuario : 44920 Mail : ESTHERCAR@RI.COM.AR
* Encuesta enviada 2011/07/25 17:43:20 , al Usuario : 44962 Mail : COBRANZASTAIS@ARNETBIZ.COM.AR
* Encuesta enviada 2011/07/25 17:43:22 , al Usuario : 44971 Mail : VGAGNA@HOTMAIL.COM
* Encuesta enviada 2011/07/25 17:43:23 , al Usuario : 44997 Mail : TORTONESEGUROS@ARNET.COM.AR
* Encuesta enviada 2011/07/25 17:43:24 , al Usuario : 45004 Mail : SEGUROS@ESTUDIODONOFRIO.COM.AR
* Encuesta enviada 2011/07/25 17:43:25 , al Usuario : 45012 Mail : MARIA.MASSARDI@GMAIL.COM
* Encuesta enviada 2011/07/25 17:43:26 , al Usuario : 45021 Mail : CYMSEGUROS@ARNETBIZ.COM.AR
* Encuesta enviada 2011/07/25 17:43:27 , al Usuario : 45039 Mail : JORENSANS@NEWLEADERS.COM.AR
* Encuesta enviada 2011/07/25 17:43:28 , al Usuario : 45047 Mail : ABHSCONSULTORES@HOTMAIL.COM
* Encuesta enviada 2011/07/25 17:43:29 , al Usuario : 45055 Mail : RAJEGARCIA@HOTMAIL.COM
* Encuesta enviada 2011/07/25 17:43:31 , al Usuario : 45063 Mail : SERGIOBAGLIONI@HOTMAIL.COM
* Encuesta enviada 2011/07/25 17:43:32 , al Usuario : 45080 Mail : CGUERREIRO@COBERTUR.COM.AR
* Encuesta enviada 2011/07/25 17:43:34 , al Usuario : 45098 Mail : SEGUROS@ESTUDIOBERTONE.COM.AR
* Encuesta enviada 2011/07/25 17:43:35 , al Usuario : 45110 Mail : MCAMMARATA@KNETT.COM.AR
* Encuesta enviada 2011/07/25 17:43:37 , al Usuario : 45128 Mail : INFOSEGUROS@TUNONSEGUROS.ARNETBIZ.COM.AR
* Encuesta enviada 2011/07/25 17:43:38 , al Usuario : 45136 Mail : STIBELYASOCIADOS@GMAIL.COM
* Encuesta enviada 2011/07/25 17:43:39 , al Usuario : 45152 Mail : GUARINACIO@RCBROKERS.COM.AR
* Encuesta enviada 2011/07/25 17:43:40 , al Usuario : 45161 Mail : MONTEIRO@RCBROKERS.COM.AR
* Encuesta enviada 2011/07/25 17:43:41 , al Usuario : 45187 Mail : GARAYMARCOS@YAHOO.COM.AR
* Encuesta enviada 2011/07/25 17:43:42 , al Usuario : 45195 Mail : VANINA_MERLO_PAS@HOTMAIL.COM
* Encuesta enviada 2011/07/25 17:43:43 , al Usuario : 45209 Mail : FARRONISEGUROS@HOTMAIL.COM
* Encuesta enviada 2011/07/25 17:43:44 , al Usuario : 45217 Mail : MPITURRERIA@SPEEDY.COM.AR
* Encuesta enviada 2011/07/25 17:43:45 , al Usuario : 45233 Mail : RIMAGOM2005@YAHOO.COM.AR
* Encuesta enviada 2011/07/25 17:43:47 , al Usuario : 45241 Mail : EDUARDO_1308@YAHOO.COM.AR
* Encuesta enviada 2011/07/25 17:43:48 , al Usuario : 45306 Mail : ESTUDIOGOITES@YAHOO.COM
* Encuesta enviada 2011/07/25 17:43:49 , al Usuario : 45314 Mail : PRESIDENCIA@CENEFYP.COM.AR
* Encuesta enviada 2011/07/25 17:43:50 , al Usuario : 45322 Mail : AMEZA@NEWLEADERS.COM.AR
* Encuesta enviada 2011/07/25 17:43:51 , al Usuario : 45331 Mail : BUENOSAIRESDELTA@GMAIL.COM
* Encuesta enviada 2011/07/25 17:43:52 , al Usuario : 45381 Mail : JDAZAR@ARNET.COM.AR
* Encuesta enviada 2011/07/25 17:43:53 , al Usuario : 45403 Mail : NOEMI_CARRAL@YAHOO.COM.AR
* Encuesta enviada 2011/07/25 17:43:54 , al Usuario : 45411 Mail : AS_SEGUROSGENERALES@YAHOO.COM.AR
* Encuesta enviada 2011/07/25 17:43:56 , al Usuario : 45420 Mail : DANIELCANDA@CANDASEGUROS.COM.AR
* Encuesta enviada 2011/07/25 17:43:57 , al Usuario : 45446 Mail : SERGIOARMANINO@HOTMAIL.COM
* Encuesta enviada 2011/07/25 17:43:58 , al Usuario : 45489 Mail : CRETAMAL@STEEL.COM.AR
* Encuesta enviada 2011/07/25 17:43:59 , al Usuario : 45497 Mail : SILVINALAURA960@HOTMAIL.COM
* Encuesta enviada 2011/07/25 17:44:00 , al Usuario : 45527 Mail : OZURCHER@VALERIAZURCHER.ARNETBIZ.COM.AR
* Encuesta enviada 2011/07/25 17:44:01 , al Usuario : 45535 Mail : MARIOCARRER@ESTUDIOCACERESYASOC.COM.AR
* Encuesta enviada 2011/07/25 17:44:02 , al Usuario : 45551 Mail : SEGUROS_URUGUAY@ARNET.COM.AR
* Encuesta enviada 2011/07/25 17:44:03 , al Usuario : 45578 Mail : GUSTAVOBUR@ARNET.COM.AR
* Encuesta enviada 2011/07/25 17:44:04 , al Usuario : 45586 Mail : WALSALVI@ITC.COM.AR
* Encuesta enviada 2011/07/25 17:44:06 , al Usuario : 45608 Mail : IDANILUK@INSCO.COM.AR
* Encuesta enviada 2011/07/25 17:44:07 , al Usuario : 45616 Mail : LIC_SLOREN@YAHOO.COM.AR
* Encuesta enviada 2011/07/25 17:44:08 , al Usuario : 45641 Mail : MARICELCALEFFI@GMAIL.COM
* Encuesta enviada 2011/07/25 17:44:09 , al Usuario : 45667 Mail : ORGANIZACIONDEFE@YAHOO.COM.AR
* Encuesta enviada 2011/07/25 17:44:10 , al Usuario : 45675 Mail : ALLINSURED@GMAIL.COM
* Encuesta enviada 2011/07/25 17:44:11 , al Usuario : 45691 Mail : CESARJOJOT@HOTMAIL.COM
* Encuesta enviada 2011/07/25 17:44:13 , al Usuario : 45705 Mail : MIGUELVG@IRVSOLUTION.COM.AR
* Encuesta enviada 2011/07/25 17:44:14 , al Usuario : 45713 Mail : SEGUROSGP@SPEEDY.COM.AR
* Encuesta enviada 2011/07/25 17:44:15 , al Usuario : 45721 Mail : ESTUDIOTRINCHERO@HOTMAIL.COM
* Encuesta enviada 2011/07/25 17:44:17 , al Usuario : 45730 Mail : CONSULTAS@ROYBA.COM.AR
* Encuesta enviada 2011/07/25 17:44:18 , al Usuario : 45748 Mail : SEGUROSMORARDO@YAHOO.COM.AR
* Encuesta enviada 2011/07/25 17:44:19 , al Usuario : 45756 Mail : CLAUDIAGES@HOTMAIL.COM
* Encuesta enviada 2011/07/25 17:44:20 , al Usuario : 45764 Mail : MBARUQUE@YAHOO.COM.AR
* Encuesta enviada 2011/07/25 17:44:22 , al Usuario : 45802 Mail : SEGUROS@SIERRACONSULTORES.COM.AR
* Encuesta enviada 2011/07/25 17:44:23 , al Usuario : 45811 Mail : CARLOS_NICOLUSSI@ARNET.COM.AR
* Encuesta enviada 2011/07/25 17:44:24 , al Usuario : 45829 Mail : JUANGABRIELPERELLO@YAHOO.COM.AR
* Encuesta enviada 2011/07/25 17:44:25 , al Usuario : 45837 Mail : CARLOSKORMAN@HOTMAIL.COM
* Encuesta enviada 2011/07/25 17:44:26 , al Usuario : 45861 Mail : GMARQUES@DATAMARKETS.COM.AR
* Encuesta enviada 2011/07/25 17:44:27 , al Usuario : 45870 Mail : LAURAETCHAVE@SPEEDY.COM.AR
* Encuesta enviada 2011/07/25 17:44:28 , al Usuario : 45888 Mail : JOSESIERRA7@YAHOO.COM.AR
* Encuesta enviada 2011/07/25 17:44:29 , al Usuario : 45896 Mail : ORGVIDA@UOLSINECTIS.COM.AR
* Encuesta enviada 2011/07/25 17:44:30 , al Usuario : 45900 Mail : OSVALDOSEGUROS@SPEEDY.COM.AR
* Encuesta enviada 2011/07/25 17:44:31 , al Usuario : 45934 Mail : ROMINAMELISARUA@YAHOO.COM.AR
* Encuesta enviada 2011/07/25 17:44:33 , al Usuario : 45942 Mail : SEGUROSBARRIONUEVO@FIBERTEL.COM.AR
* Encuesta enviada 2011/07/25 17:44:34 , al Usuario : 45951 Mail : MIGUEL_ESTUDIO@ARNET.COM.AR
* Encuesta enviada 2011/07/25 17:44:35 , al Usuario : 45977 Mail : LOPEZ_CESAR@HOTMAIL.COM
* Encuesta enviada 2011/07/25 17:44:36 , al Usuario : 45985 Mail : LESLIE_NATALIA@HOTMAIL.COM
* Encuesta enviada 2011/07/25 17:44:37 , al Usuario : 45993 Mail : CARLOSPRO@ARNET.COM.AR
* Encuesta enviada 2011/07/25 17:44:38 , al Usuario : 46019 Mail : CESARZEPPE@HOTMAIL.COM
* Encuesta enviada 2011/07/25 17:44:39 , al Usuario : 46035 Mail : MABIARNES@YAHOO.COM.AR
* Encuesta enviada 2011/07/25 17:44:40 , al Usuario : 46060 Mail : CARMINATISEGUROS@ITCSA.NET
* Encuesta enviada 2011/07/25 17:44:41 , al Usuario : 46062 Mail : NORAMARTINEZ25@YAHOO.COM.AR
* Encuesta enviada 2011/07/25 17:44:42 , al Usuario : 46063 Mail : BSASSUR@GMAIL.COM
* Encuesta enviada 2011/07/25 17:44:44 , al Usuario : 46067 Mail : RIBESC@YAHOO.COM.AR
* Encuesta enviada 2011/07/25 17:44:45 , al Usuario : 46068 Mail : LTSEGUROS@ARNETBIZ.COM.AR
* Encuesta enviada 2011/07/25 17:44:46 , al Usuario : 46070 Mail : MARGARITADILELLA@YAHOO.COM.AR
* Encuesta enviada 2011/07/25 17:44:47 , al Usuario : 46071 Mail : INFODOMENECH@SPEEDY.COM.AR
* Encuesta enviada 2011/07/25 17:44:48 , al Usuario : 46072 Mail : TOTALSEGUROSMARYZULI@YAHOO.COM.AR
* Encuesta enviada 2011/07/25 17:44:50 , al Usuario : 46073 Mail : MARINA@CLEVERCONSULTORES.COM.AR
* Encuesta enviada 2011/07/25 17:44:51 , al Usuario : 46077 Mail : HECTORJBARRERA@YAHOO.COM.AR
* Encuesta enviada 2011/07/25 17:44:52 , al Usuario : 46078 Mail : NM.CASADOHERMIDA@FIBERTEL.COM.AR
* Encuesta enviada 2011/07/25 17:44:53 , al Usuario : 46079 Mail : CLAUDIOHTORRES@HOTMAIL.COM
* Encuesta enviada 2011/07/25 17:44:55 , al Usuario : 46080 Mail : ORGANIZACIONISASA@GMAIL.COM
* Encuesta enviada 2011/07/25 17:44:56 , al Usuario : 46083 Mail : JZSEGUROS@HOTMAIL.COM
* Encuesta enviada 2011/07/25 17:44:57 , al Usuario : 46084 Mail : MCERDA@EXASEG.COM.AR
* Encuesta enviada 2011/07/25 17:44:59 , al Usuario : 46085 Mail : GRUPODILDA@GIGARED.COM.AR
* Encuesta enviada 2011/07/25 17:45:02 , al Usuario : 46086 Mail : DRAMOS@AVALONGROUP.COM.AR
* Encuesta enviada 2011/07/25 17:45:03 , al Usuario : 46087 Mail : LEONARDOSALVAI@YAHOO.COM.AR
* Encuesta enviada 2011/07/25 17:45:04 , al Usuario : 46089 Mail : DP.SEGUROS@HOTMAIL.COM.AR
* Encuesta enviada 2011/07/25 17:45:05 , al Usuario : 46090 Mail : MARISASUAREZ@ARNET.COM.AR
* Encuesta enviada 2011/07/25 17:45:06 , al Usuario : 46092 Mail : ORGANIZACIONCENTRO@GMAIL.COM
* Encuesta enviada 2011/07/25 17:45:07 , al Usuario : 46093 Mail : ORGANIZACIONSANTOS@GMAIL.COM
* Encuesta enviada 2011/07/25 17:45:10 , al Usuario : 46094 Mail : HDELIZIA@PRIMASEGUROS.COM.AR
* Encuesta enviada 2011/07/25 17:45:11 , al Usuario : 46095 Mail : SEGUROSANDREA@FIBERTEL.COM.AR
* Encuesta enviada 2011/07/25 17:45:13 , al Usuario : 46096 Mail : ILATORRE@POWERMARKET.COM.AR
* Encuesta enviada 2011/07/25 17:45:15 , al Usuario : 46097 Mail : DIEGODELISIO@YAHOO.COM.AR
* Encuesta enviada 2011/07/25 17:45:16 , al Usuario : 46099 Mail : JPCPRODUCTOR@HOTMAIL.COM
* Encuesta enviada 2011/07/25 17:45:17 , al Usuario : 46101 Mail : DALIFRACO@VERZUL.COM.AR
* Encuesta enviada 2011/07/25 17:45:18 , al Usuario : 46102 Mail : EMILIANOCANTERO@HOTMAIL.COM
* Encuesta enviada 2011/07/25 17:45:19 , al Usuario : 46103 Mail : LBUONOFIGLIO@HOTMAIL.COM
* Encuesta enviada 2011/07/25 17:45:21 , al Usuario : 46104 Mail : ALEJANDRO@MUSCHIETTI.COM.AR
* Encuesta enviada 2011/07/25 17:45:22 , al Usuario : 46107 Mail : JMINETI@HOTMAIL.COM
* Encuesta enviada 2011/07/25 17:45:23 , al Usuario : 46108 Mail : SARRA@ARNET.COM.AR
* Encuesta enviada 2011/07/25 17:45:24 , al Usuario : 46109 Mail : GAITANLEONARDOANTONIO@HOTMAIL.COM
* Encuesta enviada 2011/07/25 17:45:25 , al Usuario : 46110 Mail : OSVALDODITTIERI@HOTMAIL.COM
* Encuesta enviada 2011/07/25 17:45:27 , al Usuario : 46112 Mail : ROSANAELI@HOTMAIL.COM
* Encuesta enviada 2011/07/25 17:45:28 , al Usuario : 46113 Mail : GRUPODILDA@GIGARED.COM
* Encuesta enviada 2011/07/25 17:45:29 , al Usuario : 46114 Mail : DANIELGONELLA@HOTMAIL.COM
* Encuesta enviada 2011/07/25 17:45:30 , al Usuario : 46115 Mail : CPOLI.ART@ARNET.COM.AR
* Encuesta enviada 2011/07/25 17:45:32 , al Usuario : 46116 Mail : MARTIN@GUANZIROLI.COM
* Encuesta enviada 2011/07/25 17:45:33 , al Usuario : 46117 Mail : SEBASTIAN-1966@HOTMAIL.ES
* Encuesta enviada 2011/07/25 17:45:35 , al Usuario : 46118 Mail : EZEQUIEL.LIMA@RSACENLITORAL.COM.AR
* Encuesta enviada 2011/07/25 17:45:36 , al Usuario : 46119 Mail : COMERCIAL@MAJOSEG.COM.AR
* Encuesta enviada 2011/07/25 17:45:37 , al Usuario : 46121 Mail : JOSELUISFILIPPELLI@YAHOO.COM.AR
* Encuesta enviada 2011/07/25 17:45:38 , al Usuario : 46122 Mail : BORELLILUCILDA@HOTMAIL.COM
* Encuesta enviada 2011/07/25 17:45:39 , al Usuario : 46123 Mail : ANDREASCBLANCO@HOTMAIL.COM
* Encuesta enviada 2011/07/25 17:45:40 , al Usuario : 46124 Mail : PACHECOMARIANA@YAHOO.COM.AR
* Encuesta enviada 2011/07/25 17:45:41 , al Usuario : 46125 Mail : AFERNANDEZ2526@YAHOO.COM.AR
* Encuesta enviada 2011/07/25 17:45:43 , al Usuario : 46126 Mail : CHINA_EPG@YAHOO.COM.AR
* Encuesta enviada 2011/07/25 17:45:44 , al Usuario : 46127 Mail : DANIEL_GALLARDOSEG@HOTMAIL.COM
* Encuesta enviada 2011/07/25 17:45:45 , al Usuario : 46128 Mail : ALFONZOFABIAN@YAHOO.COM.AR
* Encuesta enviada 2011/07/25 17:45:46 , al Usuario : 46129 Mail : NATY_BOIKO@HOTMAIL.COM
* Encuesta enviada 2011/07/25 17:45:47 , al Usuario : 7587 Mail : SALACARLOMAGNO@YAHOO.COM.AR
* Encuesta enviada 2011/07/25 17:45:48 , al Usuario : 8567 Mail : LEOFRANCHELLI@HOTMAIL.COM
* Encuesta enviada 2011/07/25 17:45:49 , al Usuario : 8699 Mail : SEG_CASTANETTO@YAHOO.COM.AR
* Encuesta enviada 2011/07/25 17:45:50 , al Usuario : 9041 Mail : PISANOPRIOTTI@FIBERTEL.COM.AR
* Encuesta enviada 2011/07/25 17:45:53 , al Usuario : 9598 Mail : RAMONEMMA@EMMARAMON.COM.AR
* Encuesta enviada 2011/07/25 17:45:54 , al Usuario : 9849 Mail : RJZUNIGA@ARNET.COM.AR

* --------------------------------------------------------------------------------- 
* Cantida Avisos de Encuesta : 926
* Encuestas Enviadas : 922
* ---------------------------------------------------------------------------------
* (*a) Direcciones de mail repetidas (no enviadas) : 0
* (*1) Error Encuestas  - Grabar Archivo de Control  : 0
* (*2) Error Encuestas  - Enviar Mail  : 4
